make all --print-data-base --no-builtin-variables --no-builtin-rules --question
make -C ./libft
 
# GNU Make 4.3
# Built for x86_64-pc-linux-gnu
# Copyright (C) 1988-2020 Free Software Foundation, Inc.
# License GPLv3+: GNU GPL version 3 or later <http://gnu.org/licenses/gpl.html>
# This is free software: you are free to change and redistribute it.
# There is NO WARRANTY, to the extent permitted by law.
 

# Make data base, printed on Wed Jan 26 21:06:18 2022

# Variables

# environment
GDK_BACKEND = x11
# environment
LC_ALL = C
# environment
NO_AT_BRIDGE = 1
# makefile (from 'Makefile', line 22)
SRC := ft_is/ft_isalnum.c ft_is/ft_isalpha.c ft_is/ft_isascii.c ft_is/ft_iscount.c ft_is/ft_isdigit.c ft_is/ft_isin.c ft_is/ft_isprint.c ft_is/ft_isspace.c ft_is/ft_isspacenl.c ft_is/ft_iswhere.c ft_is/ft_isminmax.c ft_lst/ft_lstadd_back.c ft_lst/ft_lstadd_front.c ft_lst/ft_lstclear.c ft_lst/ft_lstdelone.c ft_lst/ft_lstiter.c ft_lst/ft_lstlast.c ft_lst/ft_lstmap.c ft_lst/ft_lstnew.c ft_lst/ft_lstsize.c ft_math/ft_abs.c ft_math/ft_nbrlen.c ft_math/ft_hexlen.c ft_math/ft_baselen.c ft_math/ft_power.c ft_math/ft_degrad.c ft_mem/ft_bzero.c ft_mem/ft_calloc.c ft_mem/ft_memccpy.c ft_mem/ft_memchr.c ft_mem/ft_memcmp.c ft_mem/ft_memcpy.c ft_mem/ft_memfree.c ft_mem/ft_memmove.c ft_mem/ft_memset.c ft_mem/ft_intswap.c ft_put/ft_putchar.c ft_put/ft_putendl.c ft_put/ft_putnbr.c ft_put/ft_putstr.c ft_put/ft_putchar_fd.c ft_put/ft_putendl_fd.c ft_put/ft_putnbr_fd.c ft_put/ft_putstr_fd.c  ft_str/ft_strchr.c ft_str/ft_strcmp.c ft_str/ft_strdup.c ft_str/ft_strjoin.c ft_str/ft_strlcat.c ft_str/ft_strlcpy.c ft_str/ft_strcpy.c ft_str/ft_strlen.c ft_str/ft_strmapi.c ft_str/ft_strncmp.c ft_str/ft_strnstr.c ft_str/ft_strrchr.c ft_str/ft_strtrim.c ft_str/ft_striteri.c ft_str/ft_substr.c ft_str/ft_split.c ft_str/ft_split_str.c ft_str/ft_save_free.c ft_str/ft_linebreak.c ft_to/ft_tolower.c ft_to/ft_toupper.c ft_to/ft_atoi.c ft_to/ft_itoa.c ft_gnl/gnl.c ft_gnl/utils_gnl.c ft_printf/ft_choose.c ft_printf/ft_convert_c.c ft_printf/ft_convert_d.c ft_printf/ft_convert_p.c ft_printf/ft_convert_pct.c ft_printf/ft_convert_s.c ft_printf/ft_convert_u.c ft_printf/ft_initializer.c ft_printf/ft_parser_args.c ft_printf/ft_parser_asterix.c ft_printf/ft_parser.c ft_printf/ft_place_bin.c ft_printf/ft_printf.c ft_printf/ft_uitoa_base.c ft_sort/ft_sort_quick.c 
# environment
GTK_RC_FILES = /etc/gtk/gtkrc:/home/matt/.gtkrc:/home/matt/.config/gtkrc
# environment
VSCODE_IPC_HOOK_EXTHOST = /run/user/1000/vscode-ipc-a266d476-ace6-44ec-a4b4-53074873793c.sock
# environment
VSCODE_CWD = /home/matt
# default
MAKE_COMMAND := make
# automatic
@D = $(patsubst %/,%,$(dir $@))
# environment
VSCODE_HANDLES_UNCAUGHT_ERRORS = true
# default
.VARIABLES := 
# environment
PWD = /home/matt/Documents/GIT/ECOLE42/fdf
# automatic
%D = $(patsubst %/,%,$(dir $%))
# environment
MAIL = /var/spool/mail/matt
# environment
OLDPWD = /home/matt/Documents/GIT/ECOLE42/fdf
# automatic
^D = $(patsubst %/,%,$(dir $^))
# environment
VSCODE_LOG_STACK = false
# automatic
%F = $(notdir $%)
# environment
VSCODE_CODE_CACHE_PATH = /home/matt/.config/Code - OSS/CachedData/899d46d82c4c95423fb7e10e68eba52050e30ba3
# environment
XDG_SESSION_PATH = /org/freedesktop/DisplayManager/Session0
# environment
LANG = C
# environment
XAUTHORITY = /home/matt/.Xauthority
# default
.LOADED := 
# default
.INCLUDE_DIRS = /usr/include /usr/local/include /usr/include
# makefile
MAKEFLAGS = pqrRw
# makefile
CURDIR := /home/matt/Documents/GIT/ECOLE42/fdf/libft
# environment
VSCODE_PIPE_LOGGING = true
# environment
APPLICATION_INSIGHTS_NO_DIAGNOSTIC_CHANNEL = true
# automatic
*D = $(patsubst %/,%,$(dir $*))
# environment
MFLAGS = -pqrRw
# default
.SHELLFLAGS := -c
# makefile (from 'Makefile', line 7)
HEADER_LIB := includes/libft.h includes/get_next_line.h includes/ft_printf.h
# environment
XDG_CONFIG_DIRS = /home/matt/.config/kdedefaults:/etc/xdg
# automatic
+D = $(patsubst %/,%,$(dir $+))
# environment
XCURSOR_THEME = breeze_cursors
# environment
XDG_SESSION_DESKTOP = plasma
# environment
VSCODE_CRASH_REPORTER_START_OPTIONS = {"companyName":"Microsoft","productName":"Code - OSS","submitURL":"","uploadToServer":false}
# makefile (from 'Makefile', line 1)
MAKEFILE_LIST := Makefile
# automatic
@F = $(notdir $@)
# environment
VSCODE_VERBOSE_LOGGING = true
# environment
VSCODE_PID = 202227
# environment
XDG_SESSION_TYPE = x11
# automatic
?D = $(patsubst %/,%,$(dir $?))
# makefile (from 'Makefile', line 9)
FT_IS := alnum alpha ascii count digit in print space spacenl where minmax
# environment
SESSION_MANAGER = local/mattarch:@/tmp/.ICE-unix/984,unix/mattarch:/tmp/.ICE-unix/984
# automatic
*F = $(notdir $*)
# environment
CHROME_DESKTOP = code-oss.desktop
# environment
DBUS_SESSION_BUS_ADDRESS = unix:path=/run/user/1000/bus
# makefile (from 'Makefile', line 40)
COLOR = \033[0;45m
# automatic
<D = $(patsubst %/,%,$(dir $<))
# makefile (from 'Makefile', line 17)
FT_GNL := gnl utils_gnl
# environment
VSCODE_NLS_CONFIG = {"locale":"en-us","availableLanguages":{},"_languagePackSupport":true}
# environment
BREAKPAD_DUMP_LOCATION = /home/matt/.config/Code - OSS/exthost Crash Reports
# default
MAKE_HOST := x86_64-pc-linux-gnu
# makefile
SHELL = /bin/sh
# environment
PLATFORMIO_CALLER = vscode
# environment
SHLVL = 0
# makefile (from 'Makefile', line 16)
FT_TO := tolower toupper atoi itoa
# environment
MAKELEVEL := 1
# default
MAKE = $(MAKE_COMMAND)
# environment
PATH = /usr/local/bin:/usr/bin:/bin:/usr/local/sbin:/usr/lib/jvm/default/bin:/usr/bin/site_perl:/usr/bin/vendor_perl:/usr/bin/core_perl
# default
MAKEFILES := 
# environment
MOTD_SHOWN = pam
# automatic
^F = $(notdir $^)
# makefile (from 'Makefile', line 20)
FT_SORT := quick
# makefile (from 'Makefile', line 14)
FT_STR := chr cmp dup join lcat lcpy cpy len mapi ncmp nstr rchr trim iteri
# environment
VSCODE_LOG_NATIVE = false
# automatic
?F = $(notdir $?)
# environment
KDE_APPLICATIONS_AS_SCOPE = 1
# makefile (from 'Makefile', line 1)
NAME := libft.a
# environment
XDG_SEAT = seat0
# environment
NO_PROXY = 127.0.0.1
# environment
XDG_CURRENT_DESKTOP = KDE
# automatic
+F = $(notdir $+)
# environment
XDG_SEAT_PATH = /org/freedesktop/DisplayManager/Seat0
# environment
DESKTOP_SESSION = plasma
# environment
ORIGINAL_XDG_CURRENT_DESKTOP = KDE
# makefile (from 'Makefile', line 11)
FT_MATH := abs nbrlen hexlen baselen power degrad
# 'override' directive
GNUMAKEFLAGS := 
# environment
LOGNAME = matt
# environment
PLATFORMIO_PATH = /home/matt/.platformio/penv/bin:/home/matt/.platformio/penv:/home/matt/.platformio/python3/bin:/usr/local/bin:/usr/bin:/bin:/usr/local/sbin:/usr/lib/jvm/default/bin:/usr/bin/site_perl:/usr/bin/vendor_perl:/usr/bin/core_perl
# environment
XDG_VTNR = 7
# makefile (from 'Makefile', line 41)
NC = \033[0m 
# makefile
.DEFAULT_GOAL := all
# environment
SYSTEMD_EXEC_PID = 902
# environment
DISPLAY = :0
# environment
GTK_MODULES = canberra-gtk-module
# environment
USER = matt
# default
MAKE_VERSION := 4.3
# environment
KDE_SESSION_UID = 1000
# makefile (from 'Makefile', line 13)
FT_PUT := char endl nbr str char_fd endl_fd nbr_fd str_fd
# makefile (from 'Makefile', line 18)
FT_PRINTF := choose convert_c convert_d convert_p convert_pct convert_s convert_u initializer parser_args parser_asterix parser place_bin printf uitoa_base
# makefile (from 'Makefile', line 36)
OBJ_LIB := ft_is/ft_isalnum.o ft_is/ft_isalpha.o ft_is/ft_isascii.o ft_is/ft_iscount.o ft_is/ft_isdigit.o ft_is/ft_isin.o ft_is/ft_isprint.o ft_is/ft_isspace.o ft_is/ft_isspacenl.o ft_is/ft_iswhere.o ft_is/ft_isminmax.o ft_lst/ft_lstadd_back.o ft_lst/ft_lstadd_front.o ft_lst/ft_lstclear.o ft_lst/ft_lstdelone.o ft_lst/ft_lstiter.o ft_lst/ft_lstlast.o ft_lst/ft_lstmap.o ft_lst/ft_lstnew.o ft_lst/ft_lstsize.o ft_math/ft_abs.o ft_math/ft_nbrlen.o ft_math/ft_hexlen.o ft_math/ft_baselen.o ft_math/ft_power.o ft_math/ft_degrad.o ft_mem/ft_bzero.o ft_mem/ft_calloc.o ft_mem/ft_memccpy.o ft_mem/ft_memchr.o ft_mem/ft_memcmp.o ft_mem/ft_memcpy.o ft_mem/ft_memfree.o ft_mem/ft_memmove.o ft_mem/ft_memset.o ft_mem/ft_intswap.o ft_put/ft_putchar.o ft_put/ft_putendl.o ft_put/ft_putnbr.o ft_put/ft_putstr.o ft_put/ft_putchar_fd.o ft_put/ft_putendl_fd.o ft_put/ft_putnbr_fd.o ft_put/ft_putstr_fd.o ft_str/ft_strchr.o ft_str/ft_strcmp.o ft_str/ft_strdup.o ft_str/ft_strjoin.o ft_str/ft_strlcat.o ft_str/ft_strlcpy.o ft_str/ft_strcpy.o ft_str/ft_strlen.o ft_str/ft_strmapi.o ft_str/ft_strncmp.o ft_str/ft_strnstr.o ft_str/ft_strrchr.o ft_str/ft_strtrim.o ft_str/ft_striteri.o ft_str/ft_substr.o ft_str/ft_split.o ft_str/ft_split_str.o ft_str/ft_save_free.o ft_str/ft_linebreak.o ft_to/ft_tolower.o ft_to/ft_toupper.o ft_to/ft_atoi.o ft_to/ft_itoa.o ft_gnl/gnl.o ft_gnl/utils_gnl.o ft_printf/ft_choose.o ft_printf/ft_convert_c.o ft_printf/ft_convert_d.o ft_printf/ft_convert_p.o ft_printf/ft_convert_pct.o ft_printf/ft_convert_s.o ft_printf/ft_convert_u.o ft_printf/ft_initializer.o ft_printf/ft_parser_args.o ft_printf/ft_parser_asterix.o ft_printf/ft_parser.o ft_printf/ft_place_bin.o ft_printf/ft_printf.o ft_printf/ft_uitoa_base.o ft_sort/ft_sort_quick.o
# environment
_ = /usr/bin/make
# environment
XDG_RUNTIME_DIR = /run/user/1000
# makefile (from 'Makefile', line 12)
FT_MEM := bzero calloc memccpy memchr memcmp memcpy memfree memmove memset intswap
# environment
XDG_SESSION_CLASS = user
# environment
VSCODE_AMD_ENTRYPOINT = vs/workbench/services/extensions/node/extensionHostProcess
# environment
PLATFORMIO_IDE = 2.4.0
# environment
GTK2_RC_FILES = /etc/gtk-2.0/gtkrc:/home/matt/.gtkrc-2.0:/home/matt/.config/gtkrc-2.0
# environment
HOME = /home/matt
# makefile (from 'Makefile', line 15)
FT_SUB := substr split split_str save_free linebreak
# environment
ELECTRON_RUN_AS_NODE = 1
# environment
VSCODE_IPC_HOOK = /run/user/1000/vscode-845cc839-1.63.2-main.sock
# makefile (from 'Makefile', line 10)
FT_LST := add_back add_front clear delone iter last map new size
# environment
XDG_SESSION_ID = 2
# environment
XCURSOR_SIZE = 24
# default
.RECIPEPREFIX := 
# automatic
<F = $(notdir $<)
# default
SUFFIXES := 
# environment
QT_AUTO_SCREEN_SCALE_FACTOR = 0
# environment
 
VSCODE_CLI = 1
# environment
ELECTRON_NO_ATTACH_CONSOLE = 1
# environment
XDG_GREETER_DATA_DIR = /var/lib/lightdm-data/matt
# environment
KDE_SESSION_VERSION = 5
# default
.FEATURES := target-specific order-only second-expansion else-if shortest-stem undefine oneshell nocomment grouped-target extra-prereqs archives jobserver output-sync check-symlink guile load
# makefile (from 'Makefile', line 5)
CC := gcc -Wall -Wextra -Werror -Iincludes/ -O2
# environment
KDE_FULL_SESSION = true
# environment
GDMSESSION = plasma
# makefile (from 'Makefile', line 4)
CC_FLAGS := -Wall -Wextra -Werror -Iincludes/ -O2
# variable set hash-table stats:
# Load=120/1024=12%, Rehash=0, Collisions=13/170=8%

# Pattern-specific Variable Values

# No pattern-specific variable values.

# Directories

# ft_gnl (device 2081, inode 13499): 6 files, no impossibilities so far.
# ft_str (device 2081, inode 13607): 40 files, no impossibilities so far.
# ft_put (device 2081, inode 13596): 17 files, no impossibilities so far.
# ft_sort (device 2081, inode 13605): 4 files, no impossibilities.
# . (device 2081, inode 10145): 17 files, no impossibilities.
# ft_math (device 2081, inode 13559): 14 files, no impossibilities so far.
# includes (device 2081, inode 13663): 5 files, no impossibilities so far.
# ft_mem (device 2081, inode 13568): 21 files, no impossibilities so far.
# ft_is (device 2081, inode 13503): 23 files, no impossibilities so far.
# ft_printf (device 2081, inode 13581): 30 files, no impossibilities.
# ft_lst (device 2081, inode 13546): 19 files, no impossibilities so far.
# ft_to (device 2081, inode 13631): 9 files, no impossibilities so far.

# 205 files, no impossibilities in 12 directories.

# Implicit Rules

%.o: %.c includes/libft.h includes/get_next_line.h includes/ft_printf.h
#  recipe to execute (from 'Makefile', line 52):
	@${CC} ${CС_FLAGS} -c $< -o $@

# 1 implicit rules, 0 (0.0%) terminal.
# Files

# Not a target:
ft_sort/ft_sort_quick.c:
#  Implicit rule search has been done.
#  Last modified 2022-01-24 20:08:30.8452138
#  File has been updated.
#  Successfully updated.

# Not a target:
ft_lst/ft_lstsize.c:
#  Implicit rule search has been done.
#  Last modified 2022-01-24 20:08:30.8422154
#  File has been updated.
#  Successfully updated.

ft_str/ft_strcpy.o: ft_str/ft_strcpy.c includes/libft.h includes/get_next_line.h includes/ft_printf.h
#  Implicit rule search has been done.
#  Implicit/static pattern stem: 'ft_str/ft_strcpy'
#  Last modified 2022-01-26 20:56:58.008419
#  File has been updated.
#  Successfully updated.
#  recipe to execute (from 'Makefile', line 52):
	@${CC} ${CС_FLAGS} -c $< -o $@

ft_put/ft_putnbr_fd.o: ft_put/ft_putnbr_fd.c includes/libft.h includes/get_next_line.h includes/ft_printf.h
#  Implicit rule search has been done.
#  Implicit/static pattern stem: 'ft_put/ft_putnbr_fd'
#  Last modified 2022-01-26 20:56:57.7880687
#  File has been updated.
#  Successfully updated.
#  recipe to execute (from 'Makefile', line 52):
	@${CC} ${CС_FLAGS} -c $< -o $@

libft.a: ft_is/ft_isalnum.o ft_is/ft_isalpha.o ft_is/ft_isascii.o ft_is/ft_iscount.o ft_is/ft_isdigit.o ft_is/ft_isin.o ft_is/ft_isprint.o ft_is/ft_isspace.o ft_is/ft_isspacenl.o ft_is/ft_iswhere.o ft_is/ft_isminmax.o ft_lst/ft_lstadd_back.o ft_lst/ft_lstadd_front.o ft_lst/ft_lstclear.o ft_lst/ft_lstdelone.o ft_lst/ft_lstiter.o ft_lst/ft_lstlast.o ft_lst/ft_lstmap.o ft_lst/ft_lstnew.o ft_lst/ft_lstsize.o ft_math/ft_abs.o ft_math/ft_nbrlen.o ft_math/ft_hexlen.o ft_math/ft_baselen.o ft_math/ft_power.o ft_math/ft_degrad.o ft_mem/ft_bzero.o ft_mem/ft_calloc.o ft_mem/ft_memccpy.o ft_mem/ft_memchr.o ft_mem/ft_memcmp.o ft_mem/ft_memcpy.o ft_mem/ft_memfree.o ft_mem/ft_memmove.o ft_mem/ft_memset.o ft_mem/ft_intswap.o ft_put/ft_putchar.o ft_put/ft_putendl.o ft_put/ft_putnbr.o ft_put/ft_putstr.o ft_put/ft_putchar_fd.o ft_put/ft_putendl_fd.o ft_put/ft_putnbr_fd.o ft_put/ft_putstr_fd.o ft_str/ft_strchr.o ft_str/ft_strcmp.o ft_str/ft_strdup.o ft_str/ft_strjoin.o ft_str/ft_strlcat.o ft_str/ft_strlcpy.o ft_str/ft_strcpy.o ft_str/ft_strlen.o ft_str/ft_strmapi.o ft_str/ft_strncmp.o ft_str/ft_strnstr.o ft_str/ft_strrchr.o ft_str/ft_strtrim.o ft_str/ft_striteri.o ft_str/ft_substr.o ft_str/ft_split.o ft_str/ft_split_str.o ft_str/ft_save_free.o ft_str/ft_linebreak.o ft_to/ft_tolower.o ft_to/ft_toupper.o ft_to/ft_atoi.o ft_to/ft_itoa.o ft_gnl/gnl.o ft_gnl/utils_gnl.o ft_printf/ft_choose.o ft_printf/ft_convert_c.o ft_printf/ft_convert_d.o ft_printf/ft_convert_p.o ft_printf/ft_convert_pct.o ft_printf/ft_convert_s.o ft_printf/ft_convert_u.o ft_printf/ft_initializer.o ft_printf/ft_parser_args.o ft_printf/ft_parser_asterix.o ft_printf/ft_parser.o ft_printf/ft_place_bin.o ft_printf/ft_printf.o ft_printf/ft_uitoa_base.o ft_sort/ft_sort_quick.o
#  Implicit rule search has not been done.
#  Last modified 2022-01-26 20:56:59.0028238
#  File has been updated.
#  Successfully updated.
#  recipe to execute (from 'Makefile', line 48):
	@$(AR) rcs $(NAME) $?
	@echo -e "${COLOR}MEGA LIBFT DONE${NC}"

ft_mem/ft_bzero.o: ft_mem/ft_bzero.c includes/libft.h includes/get_next_line.h includes/ft_printf.h
#  Implicit rule search has been done.
#  Implicit/static pattern stem: 'ft_mem/ft_bzero'
#  Last modified 2022-01-26 20:56:57.4358708
#  File has been updated.
#  Successfully updated.
#  recipe to execute (from 'Makefile', line 52):
	@${CC} ${CС_FLAGS} -c $< -o $@

ft_str/ft_strcmp.o: ft_str/ft_strcmp.c includes/libft.h includes/get_next_line.h includes/ft_printf.h
#  Implicit rule search has been done.
#  Implicit/static pattern stem: 'ft_str/ft_strcmp'
#  Last modified 2022-01-26 20:56:57.8446194
#  File has been updated.
#  Successfully updated.
#  recipe to execute (from 'Makefile', line 52):
	@${CC} ${CС_FLAGS} -c $< -o $@

# Not a target:
ft_mem/ft_memcmp.c:
#  Implicit rule search has been done.
#  Last modified 2022-01-24 20:08:30.8431389
#  File has been updated.
#  Successfully updated.

# Not a target:
ft_to/ft_toupper.c:
#  Implicit rule search has been done.
#  Last modified 2022-01-24 20:08:30.8469404
#  File has been updated.
#  Successfully updated.

ft_str/ft_strrchr.o: ft_str/ft_strrchr.c includes/libft.h includes/get_next_line.h includes/ft_printf.h
#  Implicit rule search has been done.
#  Implicit/static pattern stem: 'ft_str/ft_strrchr'
#  Last modified 2022-01-26 20:56:58.1021682
#  File has been updated.
#  Successfully updated.
#  recipe to execute (from 'Makefile', line 52):
	@${CC} ${CС_FLAGS} -c $< -o $@

# Not a target:
ft_str/ft_strncmp.c:
#  Implicit rule search has been done.
#  Last modified 2022-01-24 20:08:30.8463458
#  File has been updated.
#  Successfully updated.

ft_str/ft_linebreak.o: ft_str/ft_linebreak.c includes/libft.h includes/get_next_line.h includes/ft_printf.h
#  Implicit rule search has been done.
#  Implicit/static pattern stem: 'ft_str/ft_linebreak'
#  Last modified 2022-01-26 20:56:58.394209
#  File has been updated.
#  Successfully updated.
#  recipe to execute (from 'Makefile', line 52):
	@${CC} ${CС_FLAGS} -c $< -o $@

# Not a target:
ft_is/ft_iswhere.c:
#  Implicit rule search has been done.
#  Last modified 2022-01-24 20:08:30.841604
#  File has been updated.
#  Successfully updated.

# Not a target:
ft_to/ft_itoa.c:
#  Implicit rule search has been done.
#  Last modified 2022-01-24 20:08:30.8468191
#  File has been updated.
#  Successfully updated.

ft_put/ft_putstr_fd.o: ft_put/ft_putstr_fd.c includes/libft.h includes/get_next_line.h includes/ft_printf.h
#  Implicit rule search has been done.
#  Implicit/static pattern stem: 'ft_put/ft_putstr_fd'
#  Last modified 2022-01-26 20:56:57.8068503
#  File has been updated.
#  Successfully updated.
#  recipe to execute (from 'Makefile', line 52):
	@${CC} ${CС_FLAGS} -c $< -o $@

# Not a target:
ft_is/ft_iscount.c:
#  Implicit rule search has been done.
#  Last modified 2022-01-24 20:08:30.841139
#  File has been updated.
#  Successfully updated.

# Not a target:
ft_str/ft_strrchr.c:
#  Implicit rule search has been done.
#  Last modified 2022-01-24 20:08:30.8464846
#  File has been updated.
#  Successfully updated.

ft_str/ft_strtrim.o: ft_str/ft_strtrim.c includes/libft.h includes/get_next_line.h includes/ft_printf.h
#  Implicit rule search has been done.
#  Implicit/static pattern stem: 'ft_str/ft_strtrim'
#  Last modified 2022-01-26 20:56:58.1382367
#  File has been updated.
#  Successfully updated.
#  recipe to execute (from 'Makefile', line 52):
	@${CC} ${CС_FLAGS} -c $< -o $@

# Not a target:
ft_printf/ft_convert_s.c:
#  Implicit rule search has been done.
#  Last modified 2022-01-24 20:08:30.8439584
#  File has been updated.
#  Successfully updated.

# Not a target:
ft_printf/ft_place_bin.c:
#  Implicit rule search has been done.
#  Last modified 2022-01-24 20:08:30.8444105
#  File has been updated.
#  Successfully updated.

# Not a target:
ft_math/ft_degrad.c:
#  Implicit rule search has been done.
#  Last modified 2022-01-24 20:08:30.842431
#  File has been updated.
#  Successfully updated.

ft_lst/ft_lstmap.o: ft_lst/ft_lstmap.c includes/libft.h includes/get_next_line.h includes/ft_printf.h
#  Implicit rule search has been done.
#  Implicit/static pattern stem: 'ft_lst/ft_lstmap'
#  Last modified 2022-01-26 20:56:57.2231568
#  File has been updated.
#  Successfully updated.
#  recipe to execute (from 'Makefile', line 52):
	@${CC} ${CС_FLAGS} -c $< -o $@

# Not a target:
ft_put/ft_putstr.c:
#  Implicit rule search has been done.
#  Last modified 2022-01-24 20:08:30.8450418
#  File has been updated.
#  Successfully updated.

# Not a target:
ft_to/ft_tolower.c:
#  Implicit rule search has been done.
 
#  Last modified 2022-01-24 20:08:30.8468801
#  File has been updated.
#  Successfully updated.

ft_printf/ft_parser_asterix.o: ft_printf/ft_parser_asterix.c includes/libft.h includes/get_next_line.h includes/ft_printf.h
#  Implicit rule search has been done.
#  Implicit/static pattern stem: 'ft_printf/ft_parser_asterix'
#  Last modified 2022-01-26 20:56:58.8441303
#  File has been updated.
#  Successfully updated.
#  recipe to execute (from 'Makefile', line 52):
	@${CC} ${CС_FLAGS} -c $< -o $@

# Not a target:
ft_printf/ft_convert_pct.c:
#  Implicit rule search has been done.
#  Last modified 2022-01-24 20:08:30.8438841
#  File has been updated.
#  Successfully updated.

ft_is/ft_isminmax.o: ft_is/ft_isminmax.c includes/libft.h includes/get_next_line.h includes/ft_printf.h
#  Implicit rule search has been done.
#  Implicit/static pattern stem: 'ft_is/ft_isminmax'
#  Last modified 2022-01-26 20:56:57.058437
#  File has been updated.
#  Successfully updated.
#  recipe to execute (from 'Makefile', line 52):
	@${CC} ${CС_FLAGS} -c $< -o $@

# Not a target:
Makefile:
#  Implicit rule search has been done.
#  Last modified 2022-01-26 20:18:16.686996
#  File has been updated.
#  Successfully updated.

# Not a target:
ft_lst/ft_lstmap.c:
#  Implicit rule search has been done.
#  Last modified 2022-01-24 20:08:30.842096
#  File has been updated.
#  Successfully updated.

ft_math/ft_power.o: ft_math/ft_power.c includes/libft.h includes/get_next_line.h includes/ft_printf.h
#  Implicit rule search has been done.
#  Implicit/static pattern stem: 'ft_math/ft_power'
#  Last modified 2022-01-26 20:56:57.4100514
#  File has been updated.
#  Successfully updated.
#  recipe to execute (from 'Makefile', line 52):
	@${CC} ${CС_FLAGS} -c $< -o $@

ft_put/ft_putchar.o: ft_put/ft_putchar.c includes/libft.h includes/get_next_line.h includes/ft_printf.h
#  Implicit rule search has been done.
#  Implicit/static pattern stem: 'ft_put/ft_putchar'
#  Last modified 2022-01-26 20:56:57.6054549
#  File has been updated.
#  Successfully updated.
#  recipe to execute (from 'Makefile', line 52):
	@${CC} ${CС_FLAGS} -c $< -o $@

ft_str/ft_split_str.o: ft_str/ft_split_str.c includes/libft.h includes/get_next_line.h includes/ft_printf.h
#  Implicit rule search has been done.
#  Implicit/static pattern stem: 'ft_str/ft_split_str'
#  Last modified 2022-01-26 20:56:58.3586721
#  File has been updated.
#  Successfully updated.
#  recipe to execute (from 'Makefile', line 52):
	@${CC} ${CС_FLAGS} -c $< -o $@

ft_printf/ft_convert_d.o: ft_printf/ft_convert_d.c includes/libft.h includes/get_next_line.h includes/ft_printf.h
#  Implicit rule search has been done.
#  Implicit/static pattern stem: 'ft_printf/ft_convert_d'
#  Last modified 2022-01-26 20:56:58.6484985
#  File has been updated.
#  Successfully updated.
#  recipe to execute (from 'Makefile', line 52):
	@${CC} ${CС_FLAGS} -c $< -o $@

# Not a target:
ft_to/ft_atoi.c:
#  Implicit rule search has been done.
#  Last modified 2022-01-24 20:08:30.8467417
#  File has been updated.
#  Successfully updated.

# Not a target:
ft_is/ft_isalnum.c:
#  Implicit rule search has been done.
#  Last modified 2022-01-24 20:08:30.8409093
#  File has been updated.
#  Successfully updated.

ft_is/ft_isspacenl.o: ft_is/ft_isspacenl.c includes/libft.h includes/get_next_line.h includes/ft_printf.h
#  Implicit rule search has been done.
#  Implicit/static pattern stem: 'ft_is/ft_isspacenl'
#  Last modified 2022-01-26 20:56:57.0297031
#  File has been updated.
#  Successfully updated.
#  recipe to execute (from 'Makefile', line 52):
	@${CC} ${CС_FLAGS} -c $< -o $@

# Not a target:
ft_math/ft_abs.c:
#  Implicit rule search has been done.
#  Last modified 2022-01-24 20:08:30.842308
#  File has been updated.
#  Successfully updated.

ft_printf/ft_choose.o: ft_printf/ft_choose.c includes/libft.h includes/get_next_line.h includes/ft_printf.h
#  Implicit rule search has been done.
#  Implicit/static pattern stem: 'ft_printf/ft_choose'
#  Last modified 2022-01-26 20:56:58.5901551
#  File has been updated.
#  Successfully updated.
#  recipe to execute (from 'Makefile', line 52):
	@${CC} ${CС_FLAGS} -c $< -o $@

# Not a target:
ft_put/ft_putstr_fd.c:
#  Implicit rule search has been done.
#  Last modified 2022-01-24 20:08:30.8451051
#  File has been updated.
#  Successfully updated.

# Not a target:
ft_lst/ft_lstadd_front.c:
#  Implicit rule search has been done.
#  Last modified 2022-01-24 20:08:30.8417836
#  File has been updated.
#  Successfully updated.

ft_is/ft_isspace.o: ft_is/ft_isspace.c includes/libft.h includes/get_next_line.h includes/ft_printf.h
#  Implicit rule search has been done.
#  Implicit/static pattern stem: 'ft_is/ft_isspace'
#  Last modified 2022-01-26 20:56:57.0134544
#  File has been updated.
#  Successfully updated.
#  recipe to execute (from 'Makefile', line 52):
	@${CC} ${CС_FLAGS} -c $< -o $@

ft_mem/ft_memchr.o: ft_mem/ft_memchr.c includes/libft.h includes/get_next_line.h includes/ft_printf.h
#  Implicit rule search has been done.
#  Implicit/static pattern stem: 'ft_mem/ft_memchr'
#  Last modified 2022-01-26 20:56:57.4880958
#  File has been updated.
#  Successfully updated.
#  recipe to execute (from 'Makefile', line 52):
	@${CC} ${CС_FLAGS} -c $< -o $@

# Not a target:
ft_math/ft_power.c:
#  Implicit rule search has been done.
#  Last modified 2022-01-24 20:08:30.8426876
#  File has been updated.
#  Successfully updated.

ft_to/ft_tolower.o: ft_to/ft_tolower.c includes/libft.h includes/get_next_line.h includes/ft_printf.h
#  Implicit rule search has been done.
#  Implicit/static pattern stem: 'ft_to/ft_tolower'
#  Last modified 2022-01-26 20:56:58.4107395
#  File has been updated.
#  Successfully updated.
#  recipe to execute (from 'Makefile', line 52):
	@${CC} ${CС_FLAGS} -c $< -o $@

# Not a target:
ft_str/ft_linebreak.c:
#  Implicit rule search has been done.
#  Last modified 2022-01-24 20:08:30.8453941
#  File has been updated.
#  Successfully updated.

clean:
#  Phony target (prerequisite of .PHONY).
#  Implicit rule search has not been done.
#  File does not exist.
#  File has not been updated.
#  recipe to execute (from 'Makefile', line 55):
	@$(RM) -rf $(OBJ_LIB)

ft_printf/ft_place_bin.o: ft_printf/ft_place_bin.c includes/libft.h includes/get_next_line.h includes/ft_printf.h
#  Implicit rule search has been done.
#  Implicit/static pattern stem: 'ft_printf/ft_place_bin'
#  Last modified 2022-01-26 20:56:58.8913448
#  File has been updated.
#  Successfully updated.
#  recipe to execute (from 'Makefile', line 52):
	@${CC} ${CС_FLAGS} -c $< -o $@

# Not a target:
ft_mem/ft_memfree.c:
#  Implicit rule search has been done.
#  Last modified 2022-01-24 20:08:30.8432582
#  File has been updated.
#  Successfully updated.

# Not a target:
includes/get_next_line.h:
#  Implicit rule search has been done.
#  Last modified 2022-01-24 20:08:30.847111
#  File has been updated.
#  Successfully updated.

ft_is/ft_isin.o: ft_is/ft_isin.c includes/libft.h includes/get_next_line.h includes/ft_printf.h
#  Implicit rule search has been done.
#  Implicit/static pattern stem: 'ft_is/ft_isin'
#  Last modified 2022-01-26 20:56:56.9812259
#  File has been updated.
#  Successfully updated.
#  recipe to execute (from 'Makefile', line 52):
	@${CC} ${CС_FLAGS} -c $< -o $@

ft_str/ft_split.o: ft_str/ft_split.c includes/libft.h includes/get_next_line.h includes/ft_printf.h
#  Implicit rule search has been done.
#  Implicit/static pattern stem: 'ft_str/ft_split'
#  Last modified 2022-01-26 20:56:58.3129122
#  File has been updated.
#  Successfully updated.
#  recipe to execute (from 'Makefile', line 52):
	@${CC} ${CС_FLAGS} -c $< -o $@

# Not a target:
ft_str/ft_substr.c:
#  Implicit rule search has been done.
#  Last modified 2022-01-24 20:08:30.8466321
#  File has been updated.
#  Successfully updated.

# Not a target:
includes/ft_printf.h:
#  Implicit rule search has been done.
#  Last modified 2022-01-24 20:08:30.8470392
#  File has been updated.
#  Successfully updated.

ft_printf/ft_initializer.o: ft_printf/ft_initializer.c includes/libft.h includes/get_next_line.h includes/ft_printf.h
#  Implicit rule search has been done.
#  Implicit/static pattern stem: 'ft_printf/ft_initializer'
#  Last modified 2022-01-26 20:56:58.7870132
#  File has been updated.
#  Successfully updated.
#  recipe to execute (from 'Makefile', line 52):
	@${CC} ${CС_FLAGS} -c $< -o $@

ft_mem/ft_memcmp.o: ft_mem/ft_memcmp.c includes/libft.h includes/get_next_line.h includes/ft_printf.h
#  Implicit rule search has been done.
#  Implicit/static pattern stem: 'ft_mem/ft_memcmp'
#  Last modified 2022-01-26 20:56:57.5063896
#  File has been updated.
#  Successfully updated.
#  recipe to execute (from 'Makefile', line 52):
	@${CC} ${CС_FLAGS} -c $< -o $@

# Not a target:
ft_mem/ft_memset.c:
#  Implicit rule search has been done.
#  Last modified 2022-01-24 20:08:30.8433857
#  File has been updated.
 
#  Successfully updated.

ft_mem/ft_intswap.o: ft_mem/ft_intswap.c includes/libft.h includes/get_next_line.h includes/ft_printf.h
#  Implicit rule search has been done.
#  Implicit/static pattern stem: 'ft_mem/ft_intswap'
#  Last modified 2022-01-26 20:56:57.5885911
#  File has been updated.
#  Successfully updated.
#  recipe to execute (from 'Makefile', line 52):
	@${CC} ${CС_FLAGS} -c $< -o $@

ft_mem/ft_memcpy.o: ft_mem/ft_memcpy.c includes/libft.h includes/get_next_line.h includes/ft_printf.h
#  Implicit rule search has been done.
#  Implicit/static pattern stem: 'ft_mem/ft_memcpy'
#  Last modified 2022-01-26 20:56:57.5251838
#  File has been updated.
#  Successfully updated.
#  recipe to execute (from 'Makefile', line 52):
	@${CC} ${CС_FLAGS} -c $< -o $@

# Not a target:
ft_printf/ft_convert_u.c:
#  Implicit rule search has been done.
#  Last modified 2022-01-24 20:08:30.8440213
#  File has been updated.
#  Successfully updated.

ft_str/ft_strlen.o: ft_str/ft_strlen.c includes/libft.h includes/get_next_line.h includes/ft_printf.h
#  Implicit rule search has been done.
#  Implicit/static pattern stem: 'ft_str/ft_strlen'
#  Last modified 2022-01-26 20:56:58.0253582
#  File has been updated.
#  Successfully updated.
#  recipe to execute (from 'Makefile', line 52):
	@${CC} ${CС_FLAGS} -c $< -o $@

ft_str/ft_strmapi.o: ft_str/ft_strmapi.c includes/libft.h includes/get_next_line.h includes/ft_printf.h
#  Implicit rule search has been done.
#  Implicit/static pattern stem: 'ft_str/ft_strmapi'
#  Last modified 2022-01-26 20:56:58.0441564
#  File has been updated.
#  Successfully updated.
#  recipe to execute (from 'Makefile', line 52):
	@${CC} ${CС_FLAGS} -c $< -o $@

ft_printf/ft_printf.o: ft_printf/ft_printf.c includes/libft.h includes/get_next_line.h includes/ft_printf.h
#  Implicit rule search has been done.
#  Implicit/static pattern stem: 'ft_printf/ft_printf'
#  Last modified 2022-01-26 20:56:58.9190535
#  File has been updated.
#  Successfully updated.
#  recipe to execute (from 'Makefile', line 52):
	@${CC} ${CС_FLAGS} -c $< -o $@

# Not a target:
ft_is/ft_isspacenl.c:
#  Implicit rule search has been done.
#  Last modified 2022-01-24 20:08:30.8415409
#  File has been updated.
#  Successfully updated.

ft_str/ft_strchr.o: ft_str/ft_strchr.c includes/libft.h includes/get_next_line.h includes/ft_printf.h
#  Implicit rule search has been done.
#  Implicit/static pattern stem: 'ft_str/ft_strchr'
#  Last modified 2022-01-26 20:56:57.8263072
#  File has been updated.
#  Successfully updated.
#  recipe to execute (from 'Makefile', line 52):
	@${CC} ${CС_FLAGS} -c $< -o $@

ft_lst/ft_lstlast.o: ft_lst/ft_lstlast.c includes/libft.h includes/get_next_line.h includes/ft_printf.h
#  Implicit rule search has been done.
#  Implicit/static pattern stem: 'ft_lst/ft_lstlast'
#  Last modified 2022-01-26 20:56:57.1789781
#  File has been updated.
#  Successfully updated.
#  recipe to execute (from 'Makefile', line 52):
	@${CC} ${CС_FLAGS} -c $< -o $@

# Not a target:
ft_printf/ft_convert_d.c:
#  Implicit rule search has been done.
#  Last modified 2022-01-24 20:08:30.8437475
#  File has been updated.
#  Successfully updated.

ft_printf/ft_uitoa_base.o: ft_printf/ft_uitoa_base.c includes/libft.h includes/get_next_line.h includes/ft_printf.h
#  Implicit rule search has been done.
#  Implicit/static pattern stem: 'ft_printf/ft_uitoa_base'
#  Last modified 2022-01-26 20:56:58.9542889
#  File has been updated.
#  Successfully updated.
#  recipe to execute (from 'Makefile', line 52):
	@${CC} ${CС_FLAGS} -c $< -o $@

# Not a target:
ft_mem/ft_calloc.c:
#  Implicit rule search has been done.
#  Last modified 2022-01-24 20:08:30.8428852
#  File has been updated.
#  Successfully updated.

ft_printf/ft_convert_s.o: ft_printf/ft_convert_s.c includes/libft.h includes/get_next_line.h includes/ft_printf.h
#  Implicit rule search has been done.
#  Implicit/static pattern stem: 'ft_printf/ft_convert_s'
#  Last modified 2022-01-26 20:56:58.7317608
#  File has been updated.
#  Successfully updated.
#  recipe to execute (from 'Makefile', line 52):
	@${CC} ${CС_FLAGS} -c $< -o $@

ft_gnl/gnl.o: ft_gnl/gnl.c includes/libft.h includes/get_next_line.h includes/ft_printf.h
#  Implicit rule search has been done.
#  Implicit/static pattern stem: 'ft_gnl/gnl'
#  Last modified 2022-01-26 20:56:58.5212419
#  File has been updated.
#  Successfully updated.
#  recipe to execute (from 'Makefile', line 52):
	@${CC} ${CС_FLAGS} -c $< -o $@

re: fclean all
#  Phony target (prerequisite of .PHONY).
#  Implicit rule search has not been done.
#  File does not exist.
#  File has not been updated.

ft_str/ft_strlcpy.o: ft_str/ft_strlcpy.c includes/libft.h includes/get_next_line.h includes/ft_printf.h
#  Implicit rule search has been done.
#  Implicit/static pattern stem: 'ft_str/ft_strlcpy'
#  Last modified 2022-01-26 20:56:57.9878259
#  File has been updated.
#  Successfully updated.
#  recipe to execute (from 'Makefile', line 52):
	@${CC} ${CС_FLAGS} -c $< -o $@

ft_str/ft_strdup.o: ft_str/ft_strdup.c includes/libft.h includes/get_next_line.h includes/ft_printf.h
#  Implicit rule search has been done.
#  Implicit/static pattern stem: 'ft_str/ft_strdup'
#  Last modified 2022-01-26 20:56:57.8629502
#  File has been updated.
#  Successfully updated.
#  recipe to execute (from 'Makefile', line 52):
	@${CC} ${CС_FLAGS} -c $< -o $@

# Not a target:
ft_mem/ft_memmove.c:
#  Implicit rule search has been done.
#  Last modified 2022-01-24 20:08:30.8433247
#  File has been updated.
#  Successfully updated.

# Not a target:
ft_printf/ft_initializer.c:
#  Implicit rule search has been done.
#  Last modified 2022-01-24 20:08:30.8440888
#  File has been updated.
#  Successfully updated.

ft_to/ft_itoa.o: ft_to/ft_itoa.c includes/libft.h includes/get_next_line.h includes/ft_printf.h
#  Implicit rule search has been done.
#  Implicit/static pattern stem: 'ft_to/ft_itoa'
#  Last modified 2022-01-26 20:56:58.4956207
#  File has been updated.
#  Successfully updated.
#  recipe to execute (from 'Makefile', line 52):
	@${CC} ${CС_FLAGS} -c $< -o $@

ft_printf/ft_parser.o: ft_printf/ft_parser.c includes/libft.h includes/get_next_line.h includes/ft_printf.h
#  Implicit rule search has been done.
#  Implicit/static pattern stem: 'ft_printf/ft_parser'
#  Last modified 2022-01-26 20:56:58.8715949
#  File has been updated.
#  Successfully updated.
#  recipe to execute (from 'Makefile', line 52):
	@${CC} ${CС_FLAGS} -c $< -o $@

# Not a target:
ft_lst/ft_lstadd_back.c:
#  Implicit rule search has been done.
#  Last modified 2022-01-24 20:08:30.8417151
#  File has been updated.
#  Successfully updated.

ft_mem/ft_memmove.o: ft_mem/ft_memmove.c includes/libft.h includes/get_next_line.h includes/ft_printf.h
#  Implicit rule search has been done.
#  Implicit/static pattern stem: 'ft_mem/ft_memmove'
#  Last modified 2022-01-26 20:56:57.5609482
#  File has been updated.
#  Successfully updated.
#  recipe to execute (from 'Makefile', line 52):
	@${CC} ${CС_FLAGS} -c $< -o $@

# Not a target:
ft_mem/ft_bzero.c:
#  Implicit rule search has been done.
#  Last modified 2022-01-24 20:08:30.8428248
#  File has been updated.
#  Successfully updated.

ft_mem/ft_calloc.o: ft_mem/ft_calloc.c includes/libft.h includes/get_next_line.h includes/ft_printf.h
#  Implicit rule search has been done.
#  Implicit/static pattern stem: 'ft_mem/ft_calloc'
#  Last modified 2022-01-26 20:56:57.452912
#  File has been updated.
#  Successfully updated.
#  recipe to execute (from 'Makefile', line 52):
	@${CC} ${CС_FLAGS} -c $< -o $@

# Not a target:
ft_is/ft_isin.c:
#  Implicit rule search has been done.
#  Last modified 2022-01-24 20:08:30.8412876
#  File has been updated.
#  Successfully updated.

# Not a target:
ft_mem/ft_memchr.c:
#  Implicit rule search has been done.
#  Last modified 2022-01-24 20:08:30.8430791
#  File has been updated.
#  Successfully updated.

ft_lst/ft_lstdelone.o: ft_lst/ft_lstdelone.c includes/libft.h includes/get_next_line.h includes/ft_printf.h
#  Implicit rule search has been done.
#  Implicit/static pattern stem: 'ft_lst/ft_lstdelone'
#  Last modified 2022-01-26 20:56:57.1328234
#  File has been updated.
#  Successfully updated.
#  recipe to execute (from 'Makefile', line 52):
	@${CC} ${CС_FLAGS} -c $< -o $@

# Not a target:
ft_is/ft_isminmax.c:
#  Implicit rule search has been done.
#  Last modified 2022-01-24 20:08:30.8413521
#  File has been updated.
#  Successfully updated.

ft_printf/ft_convert_c.o: ft_printf/ft_convert_c.c includes/libft.h includes/get_next_line.h includes/ft_printf.h
#  Implicit rule search has been done.
#  Implicit/static pattern stem: 'ft_printf/ft_convert_c'
#  Last modified 2022-01-26 20:56:58.6124743
#  File has been updated.
#  Successfully updated.
#  recipe to execute (from 'Makefile', line 52):
	@${CC} ${CС_FLAGS} -c $< -o $@

ft_str/ft_save_free.o: ft_str/ft_save_free.c includes/libft.h includes/get_next_line.h includes/ft_printf.h
#  Implicit rule search has been done.
#  Implicit/static pattern stem: 'ft_str/ft_save_free'
#  Last modified 2022-01-26 20:56:58.3760218
#  File has been updated.
#  Successfully updated.
#  recipe to execute (from 'Makefile', line 52):
	@${CC} ${CС_FLAGS} -c $< -o $@

ft_sort/ft_sort_quick.o: ft_sort/ft_sort_quick.c includes/libft.h includes/get_next_line.h includes/ft_printf.h
#  Implicit rule search has been done.
#  Implicit/static pattern stem: 'ft_sort/ft_sort_quick'
#  Last modified 2022-01-26 20:56:58.9765531
#  File has been updated.
#  Successfully updated.
#  recipe to execute (from 'Makefile', line 52):
	@${CC} ${CС_FLAGS} -c $< -o $@

# Not a target:
ft_str/ft_split.c:
#  Implicit rule search has been done.
#  Last modified 2022-01-24 20:08:30.845536
#  File has been updated.
#  Successfully updated.

# Not a target:
ft_lst/ft_lstiter.c:
#  Implicit rule search has been done.
#  Last modified 2022-01-24 20:08:30.8419731
#  File has been updated.
#  Successfully updated.

# Not a target:
ft_str/ft_strnstr.c:
#  Implicit rule search has been done.
#  Last modified 2022-01-24 20:08:30.8464159
#  File has been updated.
#  Successfully updated.

ft_printf/ft_convert_p.o: ft_printf/ft_convert_p.c includes/libft.h includes/get_next_line.h includes/ft_printf.h
#  Implicit rule search has been done.
#  Implicit/static pattern stem: 'ft_printf/ft_convert_p'
#  Last modified 2022-01-26 20:56:58.6844607
#  File has been updated.
#  Successfully updated.
 
#  recipe to execute (from 'Makefile', line 52):
	@${CC} ${CС_FLAGS} -c $< -o $@

# Not a target:
ft_printf/ft_parser_args.c:
#  Implicit rule search has been done.
#  Last modified 2022-01-24 20:08:30.844259
#  File has been updated.
#  Successfully updated.

# Not a target:
.DEFAULT:
#  Implicit rule search has not been done.
#  Modification time never checked.
#  File has not been updated.

# Not a target:
ft_is/ft_isspace.c:
#  Implicit rule search has been done.
#  Last modified 2022-01-24 20:08:30.8414763
#  File has been updated.
#  Successfully updated.

ft_gnl/utils_gnl.o: ft_gnl/utils_gnl.c includes/libft.h includes/get_next_line.h includes/ft_printf.h
#  Implicit rule search has been done.
#  Implicit/static pattern stem: 'ft_gnl/utils_gnl'
#  Last modified 2022-01-26 20:56:58.5559259
#  File has been updated.
#  Successfully updated.
#  recipe to execute (from 'Makefile', line 52):
	@${CC} ${CС_FLAGS} -c $< -o $@

# Not a target:
ft_lst/ft_lstlast.c:
#  Implicit rule search has been done.
#  Last modified 2022-01-24 20:08:30.8420325
#  File has been updated.
#  Successfully updated.

ft_lst/ft_lstiter.o: ft_lst/ft_lstiter.c includes/libft.h includes/get_next_line.h includes/ft_printf.h
#  Implicit rule search has been done.
#  Implicit/static pattern stem: 'ft_lst/ft_lstiter'
#  Last modified 2022-01-26 20:56:57.1559879
#  File has been updated.
#  Successfully updated.
#  recipe to execute (from 'Makefile', line 52):
	@${CC} ${CС_FLAGS} -c $< -o $@

all: libft.a
#  Phony target (prerequisite of .PHONY).
#  Implicit rule search has not been done.
#  File does not exist.
#  File has been updated.
#  Successfully updated.

ft_is/ft_isascii.o: ft_is/ft_isascii.c includes/libft.h includes/get_next_line.h includes/ft_printf.h
#  Implicit rule search has been done.
#  Implicit/static pattern stem: 'ft_is/ft_isascii'
#  Last modified 2022-01-26 20:56:56.9364254
#  File has been updated.
#  Successfully updated.
#  recipe to execute (from 'Makefile', line 52):
	@${CC} ${CС_FLAGS} -c $< -o $@

fclean: clean
#  Phony target (prerequisite of .PHONY).
#  Implicit rule search has not been done.
#  File does not exist.
#  File has not been updated.
#  recipe to execute (from 'Makefile', line 58):
	@$(RM) -f $(NAME)

# Not a target:
ft_printf/ft_choose.c:
#  Implicit rule search has been done.
#  Last modified 2022-01-24 20:08:30.843614
#  File has been updated.
#  Successfully updated.

# Not a target:
ft_math/ft_nbrlen.c:
#  Implicit rule search has been done.
#  Last modified 2022-01-24 20:08:30.8426139
#  File has been updated.
#  Successfully updated.

# Not a target:
ft_printf/ft_printf.c:
#  Implicit rule search has been done.
#  Last modified 2022-01-24 20:08:30.844483
#  File has been updated.
#  Successfully updated.

ft_is/ft_isdigit.o: ft_is/ft_isdigit.c includes/libft.h includes/get_next_line.h includes/ft_printf.h
#  Implicit rule search has been done.
#  Implicit/static pattern stem: 'ft_is/ft_isdigit'
#  Last modified 2022-01-26 20:56:56.9639823
#  File has been updated.
#  Successfully updated.
#  recipe to execute (from 'Makefile', line 52):
	@${CC} ${CС_FLAGS} -c $< -o $@

# Not a target:
ft_str/ft_strlcpy.c:
#  Implicit rule search has been done.
#  Last modified 2022-01-24 20:08:30.8461456
#  File has been updated.
#  Successfully updated.

# Not a target:
ft_is/ft_isalpha.c:
#  Implicit rule search has been done.
#  Last modified 2022-01-24 20:08:30.8409885
#  File has been updated.
#  Successfully updated.

# Not a target:
ft_is/ft_isascii.c:
#  Implicit rule search has been done.
#  Last modified 2022-01-24 20:08:30.8410584
#  File has been updated.
#  Successfully updated.

ft_printf/ft_parser_args.o: ft_printf/ft_parser_args.c includes/libft.h includes/get_next_line.h includes/ft_printf.h
#  Implicit rule search has been done.
#  Implicit/static pattern stem: 'ft_printf/ft_parser_args'
#  Last modified 2022-01-26 20:56:58.8249625
#  File has been updated.
#  Successfully updated.
#  recipe to execute (from 'Makefile', line 52):
	@${CC} ${CС_FLAGS} -c $< -o $@

ft_lst/ft_lstadd_front.o: ft_lst/ft_lstadd_front.c includes/libft.h includes/get_next_line.h includes/ft_printf.h
#  Implicit rule search has been done.
#  Implicit/static pattern stem: 'ft_lst/ft_lstadd_front'
#  Last modified 2022-01-26 20:56:57.0920634
#  File has been updated.
#  Successfully updated.
#  recipe to execute (from 'Makefile', line 52):
	@${CC} ${CС_FLAGS} -c $< -o $@

ft_printf/ft_convert_pct.o: ft_printf/ft_convert_pct.c includes/libft.h includes/get_next_line.h includes/ft_printf.h
#  Implicit rule search has been done.
#  Implicit/static pattern stem: 'ft_printf/ft_convert_pct'
#  Last modified 2022-01-26 20:56:58.708081
#  File has been updated.
#  Successfully updated.
#  recipe to execute (from 'Makefile', line 52):
	@${CC} ${CС_FLAGS} -c $< -o $@

# Not a target:
ft_str/ft_striteri.c:
#  Implicit rule search has been done.
#  Last modified 2022-01-24 20:08:30.8459445
#  File has been updated.
#  Successfully updated.

# Not a target:
ft_mem/ft_memcpy.c:
#  Implicit rule search has been done.
#  Last modified 2022-01-24 20:08:30.8431986
#  File has been updated.
#  Successfully updated.

# Not a target:
ft_put/ft_putnbr_fd.c:
#  Implicit rule search has been done.
#  Last modified 2022-01-24 20:08:30.8449777
#  File has been updated.
#  Successfully updated.

ft_mem/ft_memccpy.o: ft_mem/ft_memccpy.c includes/libft.h includes/get_next_line.h includes/ft_printf.h
#  Implicit rule search has been done.
#  Implicit/static pattern stem: 'ft_mem/ft_memccpy'
#  Last modified 2022-01-26 20:56:57.4701828
#  File has been updated.
#  Successfully updated.
#  recipe to execute (from 'Makefile', line 52):
	@${CC} ${CС_FLAGS} -c $< -o $@

# Not a target:
ft_is/ft_isprint.c:
#  Implicit rule search has been done.
#  Last modified 2022-01-24 20:08:30.841412
#  File has been updated.
#  Successfully updated.

ft_is/ft_iswhere.o: ft_is/ft_iswhere.c includes/libft.h includes/get_next_line.h includes/ft_printf.h
#  Implicit rule search has been done.
#  Implicit/static pattern stem: 'ft_is/ft_iswhere'
#  Last modified 2022-01-26 20:56:57.0475364
#  File has been updated.
#  Successfully updated.
#  recipe to execute (from 'Makefile', line 52):
	@${CC} ${CС_FLAGS} -c $< -o $@

ft_is/ft_isalnum.o: ft_is/ft_isalnum.c includes/libft.h includes/get_next_line.h includes/ft_printf.h
#  Implicit rule search has been done.
#  Implicit/static pattern stem: 'ft_is/ft_isalnum'
#  Last modified 2022-01-26 20:56:56.9040056
#  File has been updated.
#  Successfully updated.
#  recipe to execute (from 'Makefile', line 52):
	@${CC} ${CС_FLAGS} -c $< -o $@

# Not a target:
ft_printf/ft_convert_p.c:
#  Implicit rule search has been done.
#  Last modified 2022-01-24 20:08:30.8438033
#  File has been updated.
#  Successfully updated.

ft_put/ft_putendl.o: ft_put/ft_putendl.c includes/libft.h includes/get_next_line.h includes/ft_printf.h
#  Implicit rule search has been done.
#  Implicit/static pattern stem: 'ft_put/ft_putendl'
#  Last modified 2022-01-26 20:56:57.6220291
#  File has been updated.
#  Successfully updated.
#  recipe to execute (from 'Makefile', line 52):
	@${CC} ${CС_FLAGS} -c $< -o $@

# Not a target:
includes/libft.h:
#  Implicit rule search has been done.
#  Last modified 2022-01-24 20:08:30.8471713
#  File has been updated.
#  Successfully updated.

ft_put/ft_putnbr.o: ft_put/ft_putnbr.c includes/libft.h includes/get_next_line.h includes/ft_printf.h
#  Implicit rule search has been done.
#  Implicit/static pattern stem: 'ft_put/ft_putnbr'
#  Last modified 2022-01-26 20:56:57.6507135
#  File has been updated.
#  Successfully updated.
#  recipe to execute (from 'Makefile', line 52):
	@${CC} ${CС_FLAGS} -c $< -o $@

ft_math/ft_baselen.o: ft_math/ft_baselen.c includes/libft.h includes/get_next_line.h includes/ft_printf.h
#  Implicit rule search has been done.
#  Implicit/static pattern stem: 'ft_math/ft_baselen'
#  Last modified 2022-01-26 20:56:57.3978871
#  File has been updated.
#  Successfully updated.
#  recipe to execute (from 'Makefile', line 52):
	@${CC} ${CС_FLAGS} -c $< -o $@

ft_math/ft_abs.o: ft_math/ft_abs.c includes/libft.h includes/get_next_line.h includes/ft_printf.h
#  Implicit rule search has been done.
#  Implicit/static pattern stem: 'ft_math/ft_abs'
#  Last modified 2022-01-26 20:56:57.345806
#  File has been updated.
#  Successfully updated.
#  recipe to execute (from 'Makefile', line 52):
	@${CC} ${CС_FLAGS} -c $< -o $@

ft_math/ft_nbrlen.o: ft_math/ft_nbrlen.c includes/libft.h includes/get_next_line.h includes/ft_printf.h
#  Implicit rule search has been done.
#  Implicit/static pattern stem: 'ft_math/ft_nbrlen'
#  Last modified 2022-01-26 20:56:57.3689029
#  File has been updated.
#  Successfully updated.
#  recipe to execute (from 'Makefile', line 52):
	@${CC} ${CС_FLAGS} -c $< -o $@

# Not a target:
ft_str/ft_strlcat.c:
#  Implicit rule search has been done.
#  Last modified 2022-01-24 20:08:30.8460791
#  File has been updated.
#  Successfully updated.

# Not a target:
ft_str/ft_strcpy.c:
#  Implicit rule search has been done.
#  Last modified 2022-01-26 20:38:42.2666208
#  File has been updated.
#  Successfully updated.

ft_is/ft_iscount.o: ft_is/ft_iscount.c includes/libft.h includes/get_next_line.h includes/ft_printf.h
#  Implicit rule search has been done.
#  Implicit/static pattern stem: 'ft_is/ft_iscount'
#  Last modified 2022-01-26 20:56:56.9488016
#  File has been updated.
#  Successfully updated.
#  recipe to execute (from 'Makefile', line 52):
	@${CC} ${CС_FLAGS} -c $< -o $@

# Not a target:
ft_printf/ft_parser_asterix.c:
#  Implicit rule search has been done.
#  Last modified 2022-01-24 20:08:30.8443376
#  File has been updated.
 
#  Successfully updated.

ft_mem/ft_memset.o: ft_mem/ft_memset.c includes/libft.h includes/get_next_line.h includes/ft_printf.h
#  Implicit rule search has been done.
#  Implicit/static pattern stem: 'ft_mem/ft_memset'
#  Last modified 2022-01-26 20:56:57.5781301
#  File has been updated.
#  Successfully updated.
#  recipe to execute (from 'Makefile', line 52):
	@${CC} ${CС_FLAGS} -c $< -o $@

# Not a target:
ft_printf/ft_parser.c:
#  Implicit rule search has been done.
#  Last modified 2022-01-24 20:08:30.8441955
#  File has been updated.
#  Successfully updated.

# Not a target:
ft_str/ft_strmapi.c:
#  Implicit rule search has been done.
#  Last modified 2022-01-24 20:08:30.8462811
#  File has been updated.
#  Successfully updated.

# Not a target:
ft_put/ft_putnbr.c:
#  Implicit rule search has been done.
#  Last modified 2022-01-24 20:08:30.8449115
#  File has been updated.
#  Successfully updated.

# Not a target:
ft_printf/ft_uitoa_base.c:
#  Implicit rule search has been done.
#  Last modified 2022-01-24 20:08:30.8445464
#  File has been updated.
#  Successfully updated.

ft_put/ft_putendl_fd.o: ft_put/ft_putendl_fd.c includes/libft.h includes/get_next_line.h includes/ft_printf.h
#  Implicit rule search has been done.
#  Implicit/static pattern stem: 'ft_put/ft_putendl_fd'
#  Last modified 2022-01-26 20:56:57.7559197
#  File has been updated.
#  Successfully updated.
#  recipe to execute (from 'Makefile', line 52):
	@${CC} ${CС_FLAGS} -c $< -o $@

# Not a target:
ft_is/ft_isdigit.c:
#  Implicit rule search has been done.
#  Last modified 2022-01-24 20:08:30.8412192
#  File has been updated.
#  Successfully updated.

ft_is/ft_isprint.o: ft_is/ft_isprint.c includes/libft.h includes/get_next_line.h includes/ft_printf.h
#  Implicit rule search has been done.
#  Implicit/static pattern stem: 'ft_is/ft_isprint'
#  Last modified 2022-01-26 20:56:56.9973292
#  File has been updated.
#  Successfully updated.
#  recipe to execute (from 'Makefile', line 52):
	@${CC} ${CС_FLAGS} -c $< -o $@

# Not a target:
ft_lst/ft_lstnew.c:
#  Implicit rule search has been done.
#  Last modified 2022-01-24 20:08:30.842157
#  File has been updated.
#  Successfully updated.

ft_to/ft_toupper.o: ft_to/ft_toupper.c includes/libft.h includes/get_next_line.h includes/ft_printf.h
#  Implicit rule search has been done.
#  Implicit/static pattern stem: 'ft_to/ft_toupper'
#  Last modified 2022-01-26 20:56:58.4270702
#  File has been updated.
#  Successfully updated.
#  recipe to execute (from 'Makefile', line 52):
	@${CC} ${CС_FLAGS} -c $< -o $@

# Not a target:
ft_str/ft_save_free.c:
#  Implicit rule search has been done.
#  Last modified 2022-01-24 20:08:30.845454
#  File has been updated.
#  Successfully updated.

# Not a target:
ft_printf/ft_convert_c.c:
#  Implicit rule search has been done.
#  Last modified 2022-01-24 20:08:30.8436885
#  File has been updated.
#  Successfully updated.

# Not a target:
ft_str/ft_strjoin.c:
#  Implicit rule search has been done.
#  Last modified 2022-01-24 20:08:30.8460097
#  File has been updated.
#  Successfully updated.

ft_str/ft_strnstr.o: ft_str/ft_strnstr.c includes/libft.h includes/get_next_line.h includes/ft_printf.h
#  Implicit rule search has been done.
#  Implicit/static pattern stem: 'ft_str/ft_strnstr'
#  Last modified 2022-01-26 20:56:58.0834742
#  File has been updated.
#  Successfully updated.
#  recipe to execute (from 'Makefile', line 52):
	@${CC} ${CС_FLAGS} -c $< -o $@

# Not a target:
ft_str/ft_strchr.c:
#  Implicit rule search has been done.
#  Last modified 2022-01-24 20:08:30.845692
#  File has been updated.
#  Successfully updated.

norm:
#  Phony target (prerequisite of .PHONY).
#  Implicit rule search has not been done.
#  File does not exist.
#  File has not been updated.
#  recipe to execute (from 'Makefile', line 63):
	@norminette $(SRC) $(HEADER)

# Not a target:
ft_lst/ft_lstclear.c:
#  Implicit rule search has been done.
#  Last modified 2022-01-24 20:08:30.8418477
#  File has been updated.
#  Successfully updated.

# Not a target:
ft_mem/ft_intswap.c:
#  Implicit rule search has been done.
#  Last modified 2022-01-24 20:08:30.8429438
#  File has been updated.
#  Successfully updated.

ft_str/ft_striteri.o: ft_str/ft_striteri.c includes/libft.h includes/get_next_line.h includes/ft_printf.h
#  Implicit rule search has been done.
#  Implicit/static pattern stem: 'ft_str/ft_striteri'
#  Last modified 2022-01-26 20:56:58.2081232
#  File has been updated.
#  Successfully updated.
#  recipe to execute (from 'Makefile', line 52):
	@${CC} ${CС_FLAGS} -c $< -o $@

# Not a target:
ft_put/ft_putendl.c:
#  Implicit rule search has been done.
#  Last modified 2022-01-24 20:08:30.8447759
#  File has been updated.
#  Successfully updated.

# Not a target:
ft_str/ft_split_str.c:
#  Implicit rule search has been done.
#  Last modified 2022-01-24 20:08:30.8456237
#  File has been updated.
#  Successfully updated.

# Not a target:
ft_mem/ft_memccpy.c:
#  Implicit rule search has been done.
#  Last modified 2022-01-24 20:08:30.8430102
#  File has been updated.
#  Successfully updated.

ft_put/ft_putchar_fd.o: ft_put/ft_putchar_fd.c includes/libft.h includes/get_next_line.h includes/ft_printf.h
#  Implicit rule search has been done.
#  Implicit/static pattern stem: 'ft_put/ft_putchar_fd'
#  Last modified 2022-01-26 20:56:57.737536
#  File has been updated.
#  Successfully updated.
#  recipe to execute (from 'Makefile', line 52):
	@${CC} ${CС_FLAGS} -c $< -o $@

ft_str/ft_strjoin.o: ft_str/ft_strjoin.c includes/libft.h includes/get_next_line.h includes/ft_printf.h
#  Implicit rule search has been done.
#  Implicit/static pattern stem: 'ft_str/ft_strjoin'
#  Last modified 2022-01-26 20:56:57.8964954
#  File has been updated.
#  Successfully updated.
#  recipe to execute (from 'Makefile', line 52):
	@${CC} ${CС_FLAGS} -c $< -o $@

# Not a target:
ft_put/ft_putendl_fd.c:
#  Implicit rule search has been done.
#  Last modified 2022-01-24 20:08:30.8448369
#  File has been updated.
#  Successfully updated.

ft_lst/ft_lstadd_back.o: ft_lst/ft_lstadd_back.c includes/libft.h includes/get_next_line.h includes/ft_printf.h
#  Implicit rule search has been done.
#  Implicit/static pattern stem: 'ft_lst/ft_lstadd_back'
#  Last modified 2022-01-26 20:56:57.0753281
#  File has been updated.
#  Successfully updated.
#  recipe to execute (from 'Makefile', line 52):
	@${CC} ${CС_FLAGS} -c $< -o $@

# Not a target:
ft_str/ft_strlen.c:
#  Implicit rule search has been done.
#  Last modified 2022-01-24 20:08:30.8462122
#  File has been updated.
#  Successfully updated.

ft_math/ft_degrad.o: ft_math/ft_degrad.c includes/libft.h includes/get_next_line.h includes/ft_printf.h
#  Implicit rule search has been done.
#  Implicit/static pattern stem: 'ft_math/ft_degrad'
#  Last modified 2022-01-26 20:56:57.4207424
#  File has been updated.
#  Successfully updated.
#  recipe to execute (from 'Makefile', line 52):
	@${CC} ${CС_FLAGS} -c $< -o $@

ft_lst/ft_lstclear.o: ft_lst/ft_lstclear.c includes/libft.h includes/get_next_line.h includes/ft_printf.h
#  Implicit rule search has been done.
#  Implicit/static pattern stem: 'ft_lst/ft_lstclear'
#  Last modified 2022-01-26 20:56:57.1107543
#  File has been updated.
#  Successfully updated.
#  recipe to execute (from 'Makefile', line 52):
	@${CC} ${CС_FLAGS} -c $< -o $@

# Not a target:
ft_math/ft_hexlen.c:
#  Implicit rule search has been done.
#  Last modified 2022-01-24 20:08:30.842487
#  File has been updated.
#  Successfully updated.

# Not a target:
ft_str/ft_strtrim.c:
#  Implicit rule search has been done.
#  Last modified 2022-01-24 20:08:30.8465543
#  File has been updated.
#  Successfully updated.

ft_mem/ft_memfree.o: ft_mem/ft_memfree.c includes/libft.h includes/get_next_line.h includes/ft_printf.h
#  Implicit rule search has been done.
#  Implicit/static pattern stem: 'ft_mem/ft_memfree'
#  Last modified 2022-01-26 20:56:57.5415711
#  File has been updated.
#  Successfully updated.
#  recipe to execute (from 'Makefile', line 52):
	@${CC} ${CС_FLAGS} -c $< -o $@

# Not a target:
ft_str/ft_strdup.c:
#  Implicit rule search has been done.
#  Last modified 2022-01-24 20:08:30.8458806
#  File has been updated.
#  Successfully updated.

ft_is/ft_isalpha.o: ft_is/ft_isalpha.c includes/libft.h includes/get_next_line.h includes/ft_printf.h
#  Implicit rule search has been done.
#  Implicit/static pattern stem: 'ft_is/ft_isalpha'
#  Last modified 2022-01-26 20:56:56.9198852
#  File has been updated.
#  Successfully updated.
#  recipe to execute (from 'Makefile', line 52):
	@${CC} ${CС_FLAGS} -c $< -o $@

ft_to/ft_atoi.o: ft_to/ft_atoi.c includes/libft.h includes/get_next_line.h includes/ft_printf.h
#  Implicit rule search has been done.
#  Implicit/static pattern stem: 'ft_to/ft_atoi'
#  Last modified 2022-01-26 20:56:58.4648252
#  File has been updated.
#  Successfully updated.
#  recipe to execute (from 'Makefile', line 52):
	@${CC} ${CС_FLAGS} -c $< -o $@

ft_lst/ft_lstnew.o: ft_lst/ft_lstnew.c includes/libft.h includes/get_next_line.h includes/ft_printf.h
#  Implicit rule search has been done.
#  Implicit/static pattern stem: 'ft_lst/ft_lstnew'
#  Last modified 2022-01-26 20:56:57.2999599
#  File has been updated.
#  Successfully updated.
#  recipe to execute (from 'Makefile', line 52):
	@${CC} ${CС_FLAGS} -c $< -o $@

# Not a target:
ft_gnl/gnl.c:
#  Implicit rule search has been done.
#  Last modified 2022-01-24 20:08:30.8407205
#  File has been updated.
#  Successfully updated.

# Not a target:
ft_lst/ft_lstdelone.c:
#  Implicit rule search has been done.
#  Last modified 2022-01-24 20:08:30.8419062
#  File has been updated.
#  Successfully updated.

.PHONY: all clean fclean re norm
#  Implicit rule search has not been done.
#  Modification time never checked.
#  File has not been updated.

# Not a target:
ft_put/ft_putchar_fd.c:
 
#  Implicit rule search has been done.
#  Last modified 2022-01-24 20:08:30.8447169
#  File has been updated.
#  Successfully updated.

ft_str/ft_strlcat.o: ft_str/ft_strlcat.c includes/libft.h includes/get_next_line.h includes/ft_printf.h
#  Implicit rule search has been done.
#  Implicit/static pattern stem: 'ft_str/ft_strlcat'
#  Last modified 2022-01-26 20:56:57.9543515
#  File has been updated.
#  Successfully updated.
#  recipe to execute (from 'Makefile', line 52):
	@${CC} ${CС_FLAGS} -c $< -o $@

ft_str/ft_substr.o: ft_str/ft_substr.c includes/libft.h includes/get_next_line.h includes/ft_printf.h
#  Implicit rule search has been done.
#  Implicit/static pattern stem: 'ft_str/ft_substr'
#  Last modified 2022-01-26 20:56:58.2522606
#  File has been updated.
#  Successfully updated.
#  recipe to execute (from 'Makefile', line 52):
	@${CC} ${CС_FLAGS} -c $< -o $@

ft_lst/ft_lstsize.o: ft_lst/ft_lstsize.c includes/libft.h includes/get_next_line.h includes/ft_printf.h
#  Implicit rule search has been done.
#  Implicit/static pattern stem: 'ft_lst/ft_lstsize'
#  Last modified 2022-01-26 20:56:57.3284059
#  File has been updated.
#  Successfully updated.
#  recipe to execute (from 'Makefile', line 52):
	@${CC} ${CС_FLAGS} -c $< -o $@

# Not a target:
ft_str/ft_strcmp.c:
#  Implicit rule search has been done.
#  Last modified 2022-01-24 20:08:30.8457542
#  File has been updated.
#  Successfully updated.

ft_printf/ft_convert_u.o: ft_printf/ft_convert_u.c includes/libft.h includes/get_next_line.h includes/ft_printf.h
#  Implicit rule search has been done.
#  Implicit/static pattern stem: 'ft_printf/ft_convert_u'
#  Last modified 2022-01-26 20:56:58.7667251
#  File has been updated.
#  Successfully updated.
#  recipe to execute (from 'Makefile', line 52):
	@${CC} ${CС_FLAGS} -c $< -o $@

ft_math/ft_hexlen.o: ft_math/ft_hexlen.c includes/libft.h includes/get_next_line.h includes/ft_printf.h
#  Implicit rule search has been done.
#  Implicit/static pattern stem: 'ft_math/ft_hexlen'
#  Last modified 2022-01-26 20:56:57.3859825
#  File has been updated.
#  Successfully updated.
#  recipe to execute (from 'Makefile', line 52):
	@${CC} ${CС_FLAGS} -c $< -o $@

ft_put/ft_putstr.o: ft_put/ft_putstr.c includes/libft.h includes/get_next_line.h includes/ft_printf.h
#  Implicit rule search has been done.
#  Implicit/static pattern stem: 'ft_put/ft_putstr'
#  Last modified 2022-01-26 20:56:57.7168918
#  File has been updated.
#  Successfully updated.
#  recipe to execute (from 'Makefile', line 52):
	@${CC} ${CС_FLAGS} -c $< -o $@

# Not a target:
ft_put/ft_putchar.c:
#  Implicit rule search has been done.
#  Last modified 2022-01-24 20:08:30.8446504
#  File has been updated.
#  Successfully updated.

# Not a target:
ft_math/ft_baselen.c:
#  Implicit rule search has been done.
#  Last modified 2022-01-24 20:08:30.8423737
#  File has been updated.
#  Successfully updated.

ft_str/ft_strncmp.o: ft_str/ft_strncmp.c includes/libft.h includes/get_next_line.h includes/ft_printf.h
#  Implicit rule search has been done.
#  Implicit/static pattern stem: 'ft_str/ft_strncmp'
#  Last modified 2022-01-26 20:56:58.0631649
#  File has been updated.
#  Successfully updated.
#  recipe to execute (from 'Makefile', line 52):
	@${CC} ${CС_FLAGS} -c $< -o $@

# Not a target:
ft_gnl/utils_gnl.c:
#  Implicit rule search has been done.
#  Last modified 2022-01-24 20:08:30.8407946
#  File has been updated.
#  Successfully updated.

# files hash-table stats:
# Load=181/1024=18%, Rehash=0, Collisions=45/1047=4%
# VPATH Search Paths

# No 'vpath' search paths.

# No general ('VPATH' variable) search path.

# strcache buffers: 1 (0) / strings = 449 / storage = 7490 B / avg = 16 B
# current buf: size = 8162 B / used = 7490 B / count = 449 / avg = 16 B

# strcache performance: lookups = 1092 / hit rate = 58%
# hash-table stats:
# Load=449/8192=5%, Rehash=0, Collisions=18/1092=2%
# Finished Make data base on Wed Jan 26 21:06:18 2022

 
make -C ./minilibx
 
# GNU Make 4.3
# Built for x86_64-pc-linux-gnu
# Copyright (C) 1988-2020 Free Software Foundation, Inc.
# License GPLv3+: GNU GPL version 3 or later <http://gnu.org/licenses/gpl.html>
# This is free software: you are free to change and redistribute it.
# There is NO WARRANTY, to the extent permitted by law.
 

# Make data base, printed on Wed Jan 26 21:06:18 2022

# Variables

# environment
GDK_BACKEND = x11
# environment
LC_ALL = C
# environment
NO_AT_BRIDGE = 1
# environment
GTK_RC_FILES = /etc/gtk/gtkrc:/home/matt/.gtkrc:/home/matt/.config/gtkrc
# environment
VSCODE_IPC_HOOK_EXTHOST = /run/user/1000/vscode-ipc-a266d476-ace6-44ec-a4b4-53074873793c.sock
# environment
VSCODE_CWD = /home/matt
# default
MAKE_COMMAND := make
# automatic
@D = $(patsubst %/,%,$(dir $@))
# environment
VSCODE_HANDLES_UNCAUGHT_ERRORS = true
# default
.VARIABLES := 
# environment
PWD = /home/matt/Documents/GIT/ECOLE42/fdf
# automatic
%D = $(patsubst %/,%,$(dir $%))
# environment
MAIL = /var/spool/mail/matt
# environment
OLDPWD = /home/matt/Documents/GIT/ECOLE42/fdf
# automatic
^D = $(patsubst %/,%,$(dir $^))
# environment
VSCODE_LOG_STACK = false
# automatic
%F = $(notdir $%)
# environment
VSCODE_CODE_CACHE_PATH = /home/matt/.config/Code - OSS/CachedData/899d46d82c4c95423fb7e10e68eba52050e30ba3
# environment
XDG_SESSION_PATH = /org/freedesktop/DisplayManager/Session0
# environment
LANG = C
# environment
XAUTHORITY = /home/matt/.Xauthority
# default
.LOADED := 
# default
.INCLUDE_DIRS = /usr/include /usr/local/include /usr/include
# makefile
MAKEFLAGS = pqrRw
# makefile
CURDIR := /home/matt/Documents/GIT/ECOLE42/fdf/minilibx
# environment
VSCODE_PIPE_LOGGING = true
# environment
APPLICATION_INSIGHTS_NO_DIAGNOSTIC_CHANNEL = true
# automatic
*D = $(patsubst %/,%,$(dir $*))
# environment
MFLAGS = -pqrRw
# default
.SHELLFLAGS := -c
# environment
XDG_CONFIG_DIRS = /home/matt/.config/kdedefaults:/etc/xdg
# automatic
+D = $(patsubst %/,%,$(dir $+))
# environment
XCURSOR_THEME = breeze_cursors
# environment
XDG_SESSION_DESKTOP = plasma
# environment
VSCODE_CRASH_REPORTER_START_OPTIONS = {"companyName":"Microsoft","productName":"Code - OSS","submitURL":"","uploadToServer":false}
# makefile (from 'Makefile', line 1)
MAKEFILE_LIST := Makefile
# automatic
@F = $(notdir $@)
# environment
VSCODE_VERBOSE_LOGGING = true
# environment
VSCODE_PID = 202227
# environment
XDG_SESSION_TYPE = x11
# automatic
?D = $(patsubst %/,%,$(dir $?))
# environment
SESSION_MANAGER = local/mattarch:@/tmp/.ICE-unix/984,unix/mattarch:/tmp/.ICE-unix/984
# automatic
*F = $(notdir $*)
# environment
CHROME_DESKTOP = code-oss.desktop
# environment
DBUS_SESSION_BUS_ADDRESS = unix:path=/run/user/1000/bus
# automatic
<D = $(patsubst %/,%,$(dir $<))
# environment
VSCODE_NLS_CONFIG = {"locale":"en-us","availableLanguages":{},"_languagePackSupport":true}
# environment
BREAKPAD_DUMP_LOCATION = /home/matt/.config/Code - OSS/exthost Crash Reports
# default
MAKE_HOST := x86_64-pc-linux-gnu
# makefile
SHELL = /bin/sh
# environment
PLATFORMIO_CALLER = vscode
# environment
SHLVL = 0
# environment
MAKELEVEL := 1
# default
MAKE = $(MAKE_COMMAND)
# environment
PATH = /usr/local/bin:/usr/bin:/bin:/usr/local/sbin:/usr/lib/jvm/default/bin:/usr/bin/site_perl:/usr/bin/vendor_perl:/usr/bin/core_perl
# default
MAKEFILES := 
# environment
MOTD_SHOWN = pam
# automatic
^F = $(notdir $^)
# environment
VSCODE_LOG_NATIVE = false
# automatic
?F = $(notdir $?)
# environment
KDE_APPLICATIONS_AS_SCOPE = 1
# environment
XDG_SEAT = seat0
# environment
NO_PROXY = 127.0.0.1
# environment
XDG_CURRENT_DESKTOP = KDE
# automatic
+F = $(notdir $+)
# environment
XDG_SEAT_PATH = /org/freedesktop/DisplayManager/Seat0
# environment
DESKTOP_SESSION = plasma
# environment
ORIGINAL_XDG_CURRENT_DESKTOP = KDE
# 'override' directive
GNUMAKEFLAGS := 
# environment
LOGNAME = matt
# environment
PLATFORMIO_PATH = /home/matt/.platformio/penv/bin:/home/matt/.platformio/penv:/home/matt/.platformio/python3/bin:/usr/local/bin:/usr/bin:/bin:/usr/local/sbin:/usr/lib/jvm/default/bin:/usr/bin/site_perl:/usr/bin/vendor_perl:/usr/bin/core_perl
# environment
XDG_VTNR = 7
# makefile
.DEFAULT_GOAL := all
# environment
SYSTEMD_EXEC_PID = 902
# environment
DISPLAY = :0
# environment
GTK_MODULES = canberra-gtk-module
# environment
USER = matt
# default
MAKE_VERSION := 4.3
# environment
KDE_SESSION_UID = 1000
# environment
_ = /usr/bin/make
# environment
XDG_RUNTIME_DIR = /run/user/1000
# environment
XDG_SESSION_CLASS = user
# environment
VSCODE_AMD_ENTRYPOINT = vs/workbench/services/extensions/node/extensionHostProcess
# environment
PLATFORMIO_IDE = 2.4.0
# environment
GTK2_RC_FILES = /etc/gtk-2.0/gtkrc:/home/matt/.gtkrc-2.0:/home/matt/.config/gtkrc-2.0
# environment
HOME = /home/matt
# environment
ELECTRON_RUN_AS_NODE = 1
# environment
VSCODE_IPC_HOOK = /run/user/1000/vscode-845cc839-1.63.2-main.sock
# environment
XDG_SESSION_ID = 2
# environment
XCURSOR_SIZE = 24
# default
.RECIPEPREFIX := 
# automatic
<F = $(notdir $<)
# default
SUFFIXES := 
# environment
QT_AUTO_SCREEN_SCALE_FACTOR = 0
# environment
VSCODE_CLI = 1
# environment
ELECTRON_NO_ATTACH_CONSOLE = 1
# environment
XDG_GREETER_DATA_DIR = /var/lib/lightdm-data/matt
# environment
KDE_SESSION_VERSION = 5
# default
.FEATURES := target-specific order-only second-expansion else-if shortest-stem undefine oneshell nocomment grouped-target extra-prereqs archives jobserver output-sync check-symlink guile load
# environment
KDE_FULL_SESSION = true
# environment
GDMSESSION = plasma
# variable set hash-table stats:
# Load=101/1024=10%, Rehash=0, Collisions=4/136=3%

# Pattern-specific Variable Values

# No pattern-specific variable values.

# Directories

# . (device 2081, inode 15336): 53 files, no impossibilities.

# 53 files, no impossibilities in 1 directories.

# Implicit Rules

# No implicit rules.

# Files

do_configure:
#  Implicit rule search has not been done.
#  Implicit/static pattern stem: ''
#  File does not exist.
#  File has been updated.
#  Needs to be updated (-q is set).
# automatic
# @ := do_configure
# automatic
# * := 
# automatic
# < := 
# automatic
# + := 
# automatic
# % := 
# automatic
# ^ := 
# automatic
# ? := 
# automatic
# | := 
# variable set hash-table stats:
# Load=8/32=25%, Rehash=0, Collisions=1/11=9%
#  recipe to execute (from 'Makefile', line 17):
	./configure

# Not a target:
Makefile:
#  Implicit rule search has been done.
#  Last modified 2022-01-26 20:59:15.8660178
#  File has been updated.
#  Successfully updated.

clean:
#  Implicit rule search has not been done.
#  Modification time never checked.
#  File has not been updated.
#  recipe to execute (from 'Makefile', line 20):
	./configure clean

re: clean all
#  Implicit rule search has not been done.
#  Modification time never checked.
 
#  File has not been updated.

# Not a target:
.DEFAULT:
#  Implicit rule search has not been done.
#  Modification time never checked.
#  File has not been updated.

all: do_configure
#  Implicit rule search has been done.
#  File does not exist.
#  File has been updated.
#  Needs to be updated (-q is set).
# variable set hash-table stats:
# Load=0/32=0%, Rehash=0, Collisions=0/3=0%

# Not a target:
.SUFFIXES:
#  Implicit rule search has not been done.
#  Modification time never checked.
#  File has not been updated.

# files hash-table stats:
# Load=7/1024=1%, Rehash=0, Collisions=0/23=0%
# VPATH Search Paths

# No 'vpath' search paths.

# No general ('VPATH' variable) search path.

# strcache buffers: 1 (0) / strings = 62 / storage = 852 B / avg = 13 B
# current buf: size = 8162 B / used = 852 B / count = 62 / avg = 13 B

# strcache performance: lookups = 73 / hit rate = 15%
# hash-table stats:
# Load=62/8192=1%, Rehash=0, Collisions=0/73=0%
# Finished Make data base on Wed Jan 26 21:06:18 2022

 
# GNU Make 4.3
# Built for x86_64-pc-linux-gnu
# Copyright (C) 1988-2020 Free Software Foundation, Inc.
# License GPLv3+: GNU GPL version 3 or later <http://gnu.org/licenses/gpl.html>
# This is free software: you are free to change and redistribute it.
# There is NO WARRANTY, to the extent permitted by law.

# Make data base, printed on Wed Jan 26 21:06:18 2022

# Variables

# environment
GDK_BACKEND = x11
# environment
LC_ALL = C
# environment
NO_AT_BRIDGE = 1
# environment
GTK_RC_FILES = /etc/gtk/gtkrc:/home/matt/.gtkrc:/home/matt/.config/gtkrc
# environment
VSCODE_IPC_HOOK_EXTHOST = /run/user/1000/vscode-ipc-a266d476-ace6-44ec-a4b4-53074873793c.sock
# environment
VSCODE_CWD = /home/matt
# default
MAKE_COMMAND := make
# makefile (from 'Makefile', line 48)
CFLAGS_FINAL = $(CFLAGS_INTERNAL) $(CFLAGS_ERRORS) $(CFLAGS_OPTIMIZATIONS) $(CFLAGS_DEPENDENCIES) $(CFLAGS_INCLUDES) $(CFLAGS)
# automatic
@D = $(patsubst %/,%,$(dir $@))
# environment
VSCODE_HANDLES_UNCAUGHT_ERRORS = true
# default
.VARIABLES := 
# environment
PWD = /home/matt/Documents/GIT/ECOLE42/fdf
# makefile (from 'Makefile', line 55)
DEFAULT = "\033[0;0m"
# automatic
%D = $(patsubst %/,%,$(dir $%))
# environment
MAIL = /var/spool/mail/matt
# automatic
^D = $(patsubst %/,%,$(dir $^))
# environment
VSCODE_LOG_STACK = false
# automatic
%F = $(notdir $%)
# environment
VSCODE_CODE_CACHE_PATH = /home/matt/.config/Code - OSS/CachedData/899d46d82c4c95423fb7e10e68eba52050e30ba3
# environment
XDG_SESSION_PATH = /org/freedesktop/DisplayManager/Session0
# environment
LANG = C
# environment
XAUTHORITY = /home/matt/.Xauthority
# default
.LOADED := 
# default
.INCLUDE_DIRS = /usr/include /usr/local/include /usr/include
# makefile (from 'Makefile', line 59)
CYAN = "\033[0;36m"
# makefile
MAKEFLAGS = pqrR
# makefile (from 'Makefile', line 58)
BLUE = "\033[0;34m"
# makefile
CURDIR := /home/matt/Documents/GIT/ECOLE42/fdf
# environment
VSCODE_PIPE_LOGGING = true
# environment
APPLICATION_INSIGHTS_NO_DIAGNOSTIC_CHANNEL = true
# makefile (from 'Makefile', line 17)
SRCS = $(addprefix $(SRCS_DIR)/, $(SRC_FILES))
# automatic
*D = $(patsubst %/,%,$(dir $*))
# makefile (from 'Makefile', line 44)
CFLAGS_INCLUDES = -I$(INCLUDES_DIR) -I$(LIBFT_INC_DIR) -I$(LIB_DIR) -I$(MLX_DIR)
# environment
MFLAGS = -pqrR
# makefile (from 'Makefile', line 43)
CFLAGS_OPTIMIZATIONS = -O3 -funroll-loops
# default
.SHELLFLAGS := -c
# environment
XDG_CONFIG_DIRS = /home/matt/.config/kdedefaults:/etc/xdg
# makefile (from 'Makefile', line 4)
SRCS_DIR = ./srcs
# automatic
+D = $(patsubst %/,%,$(dir $+))
# environment
XCURSOR_THEME = breeze_cursors
# environment
XDG_SESSION_DESKTOP = plasma
# environment
VSCODE_CRASH_REPORTER_START_OPTIONS = {"companyName":"Microsoft","productName":"Code - OSS","submitURL":"","uploadToServer":false}
# makefile (from 'Makefile', line 1)
MAKEFILE_LIST := Makefile
# automatic
@F = $(notdir $@)
# environment
VSCODE_VERBOSE_LOGGING = true
# environment
VSCODE_PID = 202227
# environment
XDG_SESSION_TYPE = x11
# automatic
?D = $(patsubst %/,%,$(dir $?))
# environment
SESSION_MANAGER = local/mattarch:@/tmp/.ICE-unix/984,unix/mattarch:/tmp/.ICE-unix/984
# automatic
*F = $(notdir $*)
# environment
CHROME_DESKTOP = code-oss.desktop
# environment
DBUS_SESSION_BUS_ADDRESS = unix:path=/run/user/1000/bus
# makefile (from 'Makefile', line 9)
LIB = libft.a
# automatic
<D = $(patsubst %/,%,$(dir $<))
# environment
VSCODE_NLS_CONFIG = {"locale":"en-us","availableLanguages":{},"_languagePackSupport":true}
# environment
BREAKPAD_DUMP_LOCATION = /home/matt/.config/Code - OSS/exthost Crash Reports
# default
MAKE_HOST := x86_64-pc-linux-gnu
# makefile (from 'Makefile', line 18)
OBJS = $(patsubst $(SRCS_DIR)/%.c,$(OBJS_DIR)/%.o, $(SRCS))
# makefile (from 'Makefile', line 1)
SHELL = /bin/zsh
# default
MAKECMDGOALS := all
# environment
PLATFORMIO_CALLER = vscode
# environment
SHLVL = 0
# environment
MAKELEVEL := 0
# makefile (from 'Makefile', line 23)
MLX_DIR = ./minilibx
# default
MAKE = $(MAKE_COMMAND)
# environment
PATH = /usr/local/bin:/usr/bin:/bin:/usr/local/sbin:/usr/lib/jvm/default/bin:/usr/bin/site_perl:/usr/bin/vendor_perl:/usr/bin/core_perl
# default
MAKEFILES := 
# environment
MOTD_SHOWN = pam
# automatic
^F = $(notdir $^)
# makefile (from 'Makefile', line 5)
INCLUDES_DIR = ./includes
# environment
VSCODE_LOG_NATIVE = false
# makefile (from 'Makefile', line 45)
CFLAGS_DEBUG = -O0 -pg -g -fno-omit-frame-pointer -mno-omit-leaf-frame-pointer
# makefile (from 'Makefile', line 57)
GREEN = "\033[0;32m"
# makefile (from 'Makefile', line 22)
MLX = libmlx.a
# automatic
?F = $(notdir $?)
# environment
KDE_APPLICATIONS_AS_SCOPE = 1
# makefile (from 'Makefile', line 3)
NAME = fdf
# environment
XDG_SEAT = seat0
# environment
NO_PROXY = 127.0.0.1
# environment
XDG_CURRENT_DESKTOP = KDE
# makefile (from 'Makefile', line 20)
UNAME_S := Linux
# makefile (from 'Makefile', line 42)
CFLAGS_ERRORS = -Wall -Wextra -Werror
# automatic
+F = $(notdir $+)
# environment
XDG_SEAT_PATH = /org/freedesktop/DisplayManager/Seat0
# environment
DESKTOP_SESSION = plasma
# environment
ORIGINAL_XDG_CURRENT_DESKTOP = KDE
# 'override' directive
GNUMAKEFLAGS := 
# environment
LOGNAME = matt
# environment
PLATFORMIO_PATH = /home/matt/.platformio/penv/bin:/home/matt/.platformio/penv:/home/matt/.platformio/python3/bin:/usr/local/bin:/usr/bin:/bin:/usr/local/sbin:/usr/lib/jvm/default/bin:/usr/bin/site_perl:/usr/bin/vendor_perl:/usr/bin/core_perl
# environment
XDG_VTNR = 7
# makefile
.DEFAULT_GOAL := all
# environment
SYSTEMD_EXEC_PID = 902
# makefile (from 'Makefile', line 56)
RED = "\033[0;31m"
 
# environment
DISPLAY = :0
# environment
GTK_MODULES = canberra-gtk-module
# environment
USER = matt
# default
MAKE_VERSION := 4.3
# environment
KDE_SESSION_UID = 1000
# makefile (from 'Makefile', line 12)
SRC_FILES = ft_fdf.c ft_fdf_map.c ft_put_pixel.c main.c
# 'override' directive
.SHELLSTATUS := 0
# makefile (from 'Makefile', line 53)
LDFLAGS = -lX11 -lXext -lm -L$(LIB_DIR) -lft -L$(MLX_DIR) -lmlx
# makefile (from 'Makefile', line 7)
OBJS_DIR = ./objs
# environment
_ = /usr/bin/make
# environment
XDG_RUNTIME_DIR = /run/user/1000
# environment
XDG_SESSION_CLASS = user
# environment
VSCODE_AMD_ENTRYPOINT = vs/workbench/services/extensions/node/extensionHostProcess
# environment
PLATFORMIO_IDE = 2.4.0
# environment
GTK2_RC_FILES = /etc/gtk-2.0/gtkrc:/home/matt/.gtkrc-2.0:/home/matt/.config/gtkrc-2.0
# environment
HOME = /home/matt
# environment
ELECTRON_RUN_AS_NODE = 1
# environment
VSCODE_IPC_HOOK = /run/user/1000/vscode-845cc839-1.63.2-main.sock
# makefile (from 'Makefile', line 6)
LIBFT_INC_DIR = ./libft/includes
# environment
XDG_SESSION_ID = 2
# environment
XCURSOR_SIZE = 24
# default
.RECIPEPREFIX := 
# automatic
<F = $(notdir $<)
# default
SUFFIXES := 
# environment
QT_AUTO_SCREEN_SCALE_FACTOR = 0
# environment
VSCODE_CLI = 1
# environment
ELECTRON_NO_ATTACH_CONSOLE = 1
# makefile (from 'Makefile', line 10)
LIB_DIR = ./libft
# environment
XDG_GREETER_DATA_DIR = /var/lib/lightdm-data/matt
# environment
KDE_SESSION_VERSION = 5
# default
.FEATURES := target-specific order-only second-expansion else-if shortest-stem undefine oneshell nocomment grouped-target extra-prereqs archives jobserver output-sync check-symlink guile load
# environment
KDE_FULL_SESSION = true
# environment
GDMSESSION = plasma
# variable set hash-table stats:
# Load=126/1024=12%, Rehash=0, Collisions=9/195=5%

# Pattern-specific Variable Values

# No pattern-specific variable values.

# Directories

# . (device 2081, inode 14145): 13 files, no impossibilities.
# srcs (device 2081, inode 13487): No files, no impossibilities so far.

# 13 files, no impossibilities in 2 directories.

# Implicit Rules

objs/%.o: srcs/%.c | objs
#  recipe to execute (from 'Makefile', line 70):
	$(CC) $(CFLAGS_FINAL) -c -o $@ $<

# 1 implicit rules, 0 (0.0%) terminal.
# Files

fclean_self: clean_self
#  Phony target (prerequisite of .PHONY).
#  Implicit rule search has not been done.
#  File does not exist.
#  File has not been updated.
#  recipe to execute (from 'Makefile', line 110):
	@echo $(CYAN) "Purging fdf" $(DEFAULT)
	@echo -n $(GREEN)
	if [ -f "$(NAME)" ]; then rm -rfv $(NAME); fi
	@echo -n $(DEFAULT)

debug: clean_self
#  Phony target (prerequisite of .PHONY).
#  Implicit rule search has not been done.
#  File does not exist.
#  File has not been updated.
#  recipe to execute (from 'Makefile', line 117):
	CFLAGS="$(CFLAGS_DEBUG)" $(MAKE) all

# Not a target:
Makefile:
#  Implicit rule search has been done.
#  Last modified 2022-01-26 21:06:02.9350399
#  File has been updated.
#  Successfully updated.

# Not a target:
libft/libft.a:
#  Implicit rule search has not been done.
#  Modification time never checked.
#  File has not been updated.

clean: clean_libs clean_self
#  Phony target (prerequisite of .PHONY).
#  Implicit rule search has not been done.
#  File does not exist.
#  File has not been updated.

# Not a target:
objs/ft_fdf.o:
#  Implicit rule search has not been done.
#  Modification time never checked.
#  File has not been updated.

re: fclean all
#  Phony target (prerequisite of .PHONY).
#  Implicit rule search has not been done.
#  File does not exist.
#  File has not been updated.

clean_self:
#  Phony target (prerequisite of .PHONY).
#  Implicit rule search has not been done.
#  File does not exist.
#  File has not been updated.
#  recipe to execute (from 'Makefile', line 90):
	@echo $(CYAN) "Cleaning fdf" $(DEFAULT)
	@echo -n $(GREEN)
	if [ -d "$(OBJS_DIR)" ]; then rm -rfv $(OBJS_DIR); fi
	@echo -n $(DEFAULT)

# Not a target:
objs/main.o:
#  Implicit rule search has not been done.
#  Modification time never checked.
#  File has not been updated.

fdf: objs/ft_fdf.o objs/ft_fdf_map.o objs/ft_put_pixel.o objs/main.o libft/libft.a minilibx/libmlx.a
#  Implicit rule search has not been done.
#  Modification time never checked.
#  File has not been updated.
#  recipe to execute (from 'Makefile', line 73):
	$(CC) -o $(NAME) $(OBJS) $(LDFLAGS)

# Not a target:
.DEFAULT:
#  Implicit rule search has not been done.
#  Modification time never checked.
#  File has not been updated.

all:
#  Phony target (prerequisite of .PHONY).
#  Command line target.
#  Implicit rule search has not been done.
#  Implicit/static pattern stem: ''
#  File does not exist.
#  File has been updated.
#  Needs to be updated (-q is set).
# automatic
# @ := all
# automatic
# * := 
# automatic
# < := 
# automatic
# + := 
# automatic
# % := 
# automatic
# ^ := 
# automatic
# ? := 
# automatic
# | := 
# variable set hash-table stats:
# Load=8/32=25%, Rehash=0, Collisions=6/24=25%
#  recipe to execute (from 'Makefile', line 64):
	$(MAKE) -C $(LIB_DIR)
	$(MAKE) -C $(MLX_DIR)
	mkdir -p $(OBJS_DIR)
	$(MAKE) $(NAME)

fclean: fclean_libs fclean_self
#  Phony target (prerequisite of .PHONY).
#  Implicit rule search has not been done.
#  File does not exist.
#  File has not been updated.

# Not a target:
objs/ft_put_pixel.o:
#  Implicit rule search has not been done.
#  Modification time never checked.
#  File has not been updated.

clean_libs:
#  Phony target (prerequisite of .PHONY).
#  Implicit rule search has not been done.
#  File does not exist.
#  File has not been updated.
#  recipe to execute (from 'Makefile', line 79):
	@echo $(CYAN) "Cleaning libft" $(DEFAULT)
	@echo -n $(BLUE)
	$(MAKE) -C $(LIB_DIR) clean
	@echo -n $(DEFAULT)
	@echo $(CYAN) "Cleaning minilibx" $(DEFAULT)
	@echo -n $(BLUE)
	$(MAKE) -C $(MLX_DIR) clean
	@echo -n $(DEFAULT)

# Not a target:
objs/ft_fdf_map.o:
#  Implicit rule search has not been done.
#  Modification time never checked.
#  File has not been updated.

fclean_libs: clean_libs
#  Phony target (prerequisite of .PHONY).
#  Implicit rule search has not been done.
#  File does not exist.
#  File has not been updated.
#  recipe to execute (from 'Makefile', line 98):
	@echo $(CYAN) "Purging libft" $(DEFAULT)
	@echo -n $(BLUE)
	$(MAKE) -C $(LIB_DIR) fclean
	@echo -n $(DEFAULT)
	@echo $(CYAN) "Purging minilibx" $(DEFAULT)
	@echo -n $(BLUE)
	$(MAKE) -C $(MLX_DIR) clean
	rm -rfv $(MLX)
	@echo -n $(DEFAULT)

# Not a target:
minilibx/libmlx.a:
#  Implicit rule search has not been done.
#  Modification time never checked.
#  File has not been updated.

# Not a target:
.SUFFIXES:
#  Implicit rule search has not been done.
#  Modification time never checked.
#  File has not been updated.

.PHONY: all clean clean_libs clean_self fclean fclean_libs fclean_self debug re
#  Implicit rule search has not been done.
#  Modification time never checked.
#  File has not been updated.

# files hash-table stats:
# Load=20/1024=2%, Rehash=0, Collisions=0/65=0%
# VPATH Search Paths

# No 'vpath' search paths.

# No general ('VPATH' variable) search path.

# strcache buffers: 1 (0) / strings = 36 / storage = 341 B / avg = 9 B
# current buf: size = 8162 B / used = 341 B / count = 36 / avg = 9 B

# strcache performance: lookups = 73 / hit rate = 50%
# hash-table stats:
 
# Load=36/8192=0%, Rehash=0, Collisions=0/73=0%
# Finished Make data base on Wed Jan 26 21:06:18 2022

 
